2023-11-24 12:54:58,888 [main] DEBUG com.appiancorp.ps.automatedtest.fixture.BaseFixture - browser=CHROME
2023-11-24 12:55:09,112 [main] DEBUG com.appiancorp.ps.automatedtest.common.FixtureMetrics - userid=9077768cb743038a6302fa2ce30e215ce1b8adbc3f9602c952eaee15cc6fb201, pipelineDimension=Standalone, testingFramework=FitNesse
2023-11-24 12:55:10,008 [main] DEBUG com.appiancorp.ps.automatedtest.tempo.TempoLogin - LOGIN [YexleQA]
2023-11-24 12:55:14,231 [main] DEBUG com.appiancorp.ps.automatedtest.tempo.TempoLogin - WAIT FOR LOGIN
2023-11-24 12:55:45,983 [main] ERROR com.appiancorp.ps.automatedtest.exception.ExceptionBuilder - Logout link
org.openqa.selenium.NoSuchElementException: no such element: Unable to locate element: {"method":"xpath","selector":"//a[contains(@aria-label,'Open user options menu')]"}
  (Session info: chrome=119.0.6045.160)
For documentation on this error, please visit: https://www.selenium.dev/documentation/webdriver/troubleshooting/errors#no-such-element-exception
Build info: version: '4.11.0', revision: '040bc5406b'
System info: os.name: 'Windows 10', os.arch: 'amd64', os.version: '10.0', java.version: '21'
Driver info: org.openqa.selenium.chrome.ChromeDriver
Command: [070c1c174dd6114796f31c167bcb7a71, findElement {using=xpath, value=//a[contains(@aria-label,'Open user options menu')]}]
Capabilities {acceptInsecureCerts: false, browserName: chrome, browserVersion: 119.0.6045.160, chrome: {chromedriverVersion: 119.0.6045.105 (38c72552c5e..., userDataDir: C:\Users\USER\AppData\Local...}, fedcm:accounts: true, goog:chromeOptions: {debuggerAddress: localhost:54934}, networkConnectionEnabled: false, pageLoadStrategy: normal, platformName: windows, proxy: Proxy(), se:cdp: ws://localhost:54934/devtoo..., se:cdpVersion: 119.0.6045.160, setWindowRect: true, strictFileInteractability: false, timeouts: {implicit: 0, pageLoad: 300000, script: 30000}, unhandledPromptBehavior: dismiss and notify, webauthn:extension:credBlob: true, webauthn:extension:largeBlob: true, webauthn:extension:minPinLength: true, webauthn:extension:prf: true, webauthn:virtualAuthenticators: true}
Session ID: 070c1c174dd6114796f31c167bcb7a71
	at jdk.internal.reflect.DirectConstructorHandleAccessor.newInstance(DirectConstructorHandleAccessor.java:62) ~[?:?]
	at java.lang.reflect.Constructor.newInstanceWithCaller(Constructor.java:502) ~[?:?]
	at java.lang.reflect.Constructor.newInstance(Constructor.java:486) ~[?:?]
	at org.openqa.selenium.remote.codec.w3c.W3CHttpResponseCodec.createException(W3CHttpResponseCodec.java:200) ~[cucumber-for-appian-23.4.jar:?]
	at org.openqa.selenium.remote.codec.w3c.W3CHttpResponseCodec.decode(W3CHttpResponseCodec.java:133) ~[cucumber-for-appian-23.4.jar:?]
	at org.openqa.selenium.remote.codec.w3c.W3CHttpResponseCodec.decode(W3CHttpResponseCodec.java:52) ~[cucumber-for-appian-23.4.jar:?]
	at org.openqa.selenium.remote.HttpCommandExecutor.execute(HttpCommandExecutor.java:191) ~[cucumber-for-appian-23.4.jar:?]
	at org.openqa.selenium.remote.service.DriverCommandExecutor.invokeExecute(DriverCommandExecutor.java:196) ~[cucumber-for-appian-23.4.jar:?]
	at org.openqa.selenium.remote.service.DriverCommandExecutor.execute(DriverCommandExecutor.java:171) ~[cucumber-for-appian-23.4.jar:?]
	at org.openqa.selenium.remote.RemoteWebDriver.execute(RemoteWebDriver.java:518) ~[cucumber-for-appian-23.4.jar:?]
	at org.openqa.selenium.remote.ElementLocation$ElementFinder$2.findElement(ElementLocation.java:165) ~[cucumber-for-appian-23.4.jar:?]
	at org.openqa.selenium.remote.ElementLocation.findElement(ElementLocation.java:59) ~[cucumber-for-appian-23.4.jar:?]
	at org.openqa.selenium.remote.RemoteWebDriver.findElement(RemoteWebDriver.java:355) ~[cucumber-for-appian-23.4.jar:?]
	at org.openqa.selenium.remote.RemoteWebDriver.findElement(RemoteWebDriver.java:349) ~[cucumber-for-appian-23.4.jar:?]
	at com.appiancorp.ps.automatedtest.tempo.TempoLogin.waitForSitesLogoutLink(TempoLogin.java:109) ~[cucumber-for-appian-23.4.jar:?]
	at com.appiancorp.ps.automatedtest.tempo.TempoLogin.waitFor(TempoLogin.java:92) ~[cucumber-for-appian-23.4.jar:?]
	at com.appiancorp.ps.automatedtest.tempo.TempoLogin.login(TempoLogin.java:148) ~[cucumber-for-appian-23.4.jar:?]
	at com.appiancorp.ps.automatedtest.fixture.BaseFixture.loginIntoWithUsernameAndPassword(BaseFixture.java:438) ~[cucumber-for-appian-23.4.jar:?]
	at com.appiancorp.ps.automatedtest.fixture.BaseFixture.loginIntoWithUsername(BaseFixture.java:467) ~[cucumber-for-appian-23.4.jar:?]
	at com.appiancorp.ps.automatedtest.fixture.BaseFixture.loginWithUsername(BaseFixture.java:478) ~[cucumber-for-appian-23.4.jar:?]
	at com.appiancorp.ps.cucumber.fixtures.CucumberBaseFixture.loginWithUsername(CucumberBaseFixture.java:64) ~[cucumber-for-appian-23.4.jar:?]
	at jdk.internal.reflect.DirectMethodHandleAccessor.invoke(DirectMethodHandleAccessor.java:103) ~[?:?]
	at java.lang.reflect.Method.invoke(Method.java:580) ~[?:?]
	at io.cucumber.java.Invoker.doInvoke(Invoker.java:66) ~[cucumber-java-6.8.2.jar:6.8.2]
	at io.cucumber.java.Invoker.invoke(Invoker.java:24) ~[cucumber-java-6.8.2.jar:6.8.2]
	at io.cucumber.java.AbstractGlueDefinition.invokeMethod(AbstractGlueDefinition.java:47) ~[cucumber-java-6.8.2.jar:6.8.2]
	at io.cucumber.java.JavaStepDefinition.execute(JavaStepDefinition.java:29) ~[cucumber-java-6.8.2.jar:6.8.2]
	at io.cucumber.core.runner.CoreStepDefinition.execute(CoreStepDefinition.java:66) ~[cucumber-core-6.8.2.jar:6.8.2]
	at io.cucumber.core.runner.PickleStepDefinitionMatch.runStep(PickleStepDefinitionMatch.java:63) ~[cucumber-core-6.8.2.jar:6.8.2]
	at io.cucumber.core.runner.ExecutionMode$1.execute(ExecutionMode.java:10) ~[cucumber-core-6.8.2.jar:6.8.2]
	at io.cucumber.core.runner.TestStep.executeStep(TestStep.java:92) ~[cucumber-core-6.8.2.jar:6.8.2]
	at io.cucumber.core.runner.TestStep.run(TestStep.java:64) ~[cucumber-core-6.8.2.jar:6.8.2]
	at io.cucumber.core.runner.PickleStepTestStep.run(PickleStepTestStep.java:51) ~[cucumber-core-6.8.2.jar:6.8.2]
	at io.cucumber.core.runner.TestCase.run(TestCase.java:104) ~[cucumber-core-6.8.2.jar:6.8.2]
	at io.cucumber.core.runner.Runner.runPickle(Runner.java:71) ~[cucumber-core-6.8.2.jar:6.8.2]
	at io.cucumber.core.runtime.Runtime.lambda$execute$5(Runtime.java:110) ~[cucumber-core-6.8.2.jar:6.8.2]
	at io.cucumber.core.runtime.CucumberExecutionContext.runTestCase(CucumberExecutionContext.java:117) ~[cucumber-core-6.8.2.jar:6.8.2]
	at io.cucumber.core.runtime.Runtime.lambda$execute$6(Runtime.java:110) ~[cucumber-core-6.8.2.jar:6.8.2]
	at java.util.concurrent.Executors$RunnableAdapter.call(Executors.java:572) ~[?:?]
	at java.util.concurrent.FutureTask.run(FutureTask.java:317) ~[?:?]
	at io.cucumber.core.runtime.Runtime$SameThreadExecutorService.execute(Runtime.java:233) ~[cucumber-core-6.8.2.jar:6.8.2]
	at java.util.concurrent.AbstractExecutorService.submit(AbstractExecutorService.java:123) ~[?:?]
	at io.cucumber.core.runtime.Runtime.lambda$run$2(Runtime.java:86) ~[cucumber-core-6.8.2.jar:6.8.2]
	at java.util.stream.ReferencePipeline$3$1.accept(ReferencePipeline.java:197) [?:?]
	at java.util.stream.SliceOps$1$1.accept(SliceOps.java:200) [?:?]
	at java.util.ArrayList$ArrayListSpliterator.tryAdvance(ArrayList.java:1685) [?:?]
	at java.util.stream.ReferencePipeline.forEachWithCancel(ReferencePipeline.java:129) [?:?]
	at java.util.stream.AbstractPipeline.copyIntoWithCancel(AbstractPipeline.java:527) [?:?]
	at java.util.stream.AbstractPipeline.copyInto(AbstractPipeline.java:513) [?:?]
	at java.util.stream.AbstractPipeline.wrapAndCopyInto(AbstractPipeline.java:499) [?:?]
	at java.util.stream.ReduceOps$ReduceOp.evaluateSequential(ReduceOps.java:921) [?:?]
	at java.util.stream.AbstractPipeline.evaluate(AbstractPipeline.java:234) [?:?]
	at java.util.stream.ReferencePipeline.collect(ReferencePipeline.java:682) [?:?]
	at io.cucumber.core.runtime.Runtime.run(Runtime.java:87) [cucumber-core-6.8.2.jar:6.8.2]
	at io.cucumber.core.cli.Main.run(Main.java:92) [cucumber-core-6.8.2.jar:6.8.2]
	at io.cucumber.core.cli.Main.main(Main.java:34) [cucumber-core-6.8.2.jar:6.8.2]
2023-11-24 12:55:46,012 [main] ERROR com.appiancorp.ps.automatedtest.exception.ExceptionBuilder - Login page - YexleQA
com.appiancorp.ps.automatedtest.exception.ObjectNotFoundTestException: message:<<Object not found: Logout link>>
	at com.appiancorp.ps.automatedtest.exception.ExceptionBuilder.build(ExceptionBuilder.java:29) ~[cucumber-for-appian-23.4.jar:?]
	at com.appiancorp.ps.automatedtest.tempo.TempoLogin.waitFor(TempoLogin.java:96) ~[cucumber-for-appian-23.4.jar:?]
	at com.appiancorp.ps.automatedtest.tempo.TempoLogin.login(TempoLogin.java:148) ~[cucumber-for-appian-23.4.jar:?]
	at com.appiancorp.ps.automatedtest.fixture.BaseFixture.loginIntoWithUsernameAndPassword(BaseFixture.java:438) ~[cucumber-for-appian-23.4.jar:?]
	at com.appiancorp.ps.automatedtest.fixture.BaseFixture.loginIntoWithUsername(BaseFixture.java:467) ~[cucumber-for-appian-23.4.jar:?]
	at com.appiancorp.ps.automatedtest.fixture.BaseFixture.loginWithUsername(BaseFixture.java:478) ~[cucumber-for-appian-23.4.jar:?]
	at com.appiancorp.ps.cucumber.fixtures.CucumberBaseFixture.loginWithUsername(CucumberBaseFixture.java:64) ~[cucumber-for-appian-23.4.jar:?]
	at jdk.internal.reflect.DirectMethodHandleAccessor.invoke(DirectMethodHandleAccessor.java:103) ~[?:?]
	at java.lang.reflect.Method.invoke(Method.java:580) ~[?:?]
	at io.cucumber.java.Invoker.doInvoke(Invoker.java:66) ~[cucumber-java-6.8.2.jar:6.8.2]
	at io.cucumber.java.Invoker.invoke(Invoker.java:24) ~[cucumber-java-6.8.2.jar:6.8.2]
	at io.cucumber.java.AbstractGlueDefinition.invokeMethod(AbstractGlueDefinition.java:47) ~[cucumber-java-6.8.2.jar:6.8.2]
	at io.cucumber.java.JavaStepDefinition.execute(JavaStepDefinition.java:29) ~[cucumber-java-6.8.2.jar:6.8.2]
	at io.cucumber.core.runner.CoreStepDefinition.execute(CoreStepDefinition.java:66) ~[cucumber-core-6.8.2.jar:6.8.2]
	at io.cucumber.core.runner.PickleStepDefinitionMatch.runStep(PickleStepDefinitionMatch.java:63) ~[cucumber-core-6.8.2.jar:6.8.2]
	at io.cucumber.core.runner.ExecutionMode$1.execute(ExecutionMode.java:10) ~[cucumber-core-6.8.2.jar:6.8.2]
	at io.cucumber.core.runner.TestStep.executeStep(TestStep.java:92) ~[cucumber-core-6.8.2.jar:6.8.2]
	at io.cucumber.core.runner.TestStep.run(TestStep.java:64) ~[cucumber-core-6.8.2.jar:6.8.2]
	at io.cucumber.core.runner.PickleStepTestStep.run(PickleStepTestStep.java:51) ~[cucumber-core-6.8.2.jar:6.8.2]
	at io.cucumber.core.runner.TestCase.run(TestCase.java:104) ~[cucumber-core-6.8.2.jar:6.8.2]
	at io.cucumber.core.runner.Runner.runPickle(Runner.java:71) ~[cucumber-core-6.8.2.jar:6.8.2]
	at io.cucumber.core.runtime.Runtime.lambda$execute$5(Runtime.java:110) ~[cucumber-core-6.8.2.jar:6.8.2]
	at io.cucumber.core.runtime.CucumberExecutionContext.runTestCase(CucumberExecutionContext.java:117) ~[cucumber-core-6.8.2.jar:6.8.2]
	at io.cucumber.core.runtime.Runtime.lambda$execute$6(Runtime.java:110) ~[cucumber-core-6.8.2.jar:6.8.2]
	at java.util.concurrent.Executors$RunnableAdapter.call(Executors.java:572) ~[?:?]
	at java.util.concurrent.FutureTask.run(FutureTask.java:317) ~[?:?]
	at io.cucumber.core.runtime.Runtime$SameThreadExecutorService.execute(Runtime.java:233) ~[cucumber-core-6.8.2.jar:6.8.2]
	at java.util.concurrent.AbstractExecutorService.submit(AbstractExecutorService.java:123) ~[?:?]
	at io.cucumber.core.runtime.Runtime.lambda$run$2(Runtime.java:86) ~[cucumber-core-6.8.2.jar:6.8.2]
	at java.util.stream.ReferencePipeline$3$1.accept(ReferencePipeline.java:197) [?:?]
	at java.util.stream.SliceOps$1$1.accept(SliceOps.java:200) [?:?]
	at java.util.ArrayList$ArrayListSpliterator.tryAdvance(ArrayList.java:1685) [?:?]
	at java.util.stream.ReferencePipeline.forEachWithCancel(ReferencePipeline.java:129) [?:?]
	at java.util.stream.AbstractPipeline.copyIntoWithCancel(AbstractPipeline.java:527) [?:?]
	at java.util.stream.AbstractPipeline.copyInto(AbstractPipeline.java:513) [?:?]
	at java.util.stream.AbstractPipeline.wrapAndCopyInto(AbstractPipeline.java:499) [?:?]
	at java.util.stream.ReduceOps$ReduceOp.evaluateSequential(ReduceOps.java:921) [?:?]
	at java.util.stream.AbstractPipeline.evaluate(AbstractPipeline.java:234) [?:?]
	at java.util.stream.ReferencePipeline.collect(ReferencePipeline.java:682) [?:?]
	at io.cucumber.core.runtime.Runtime.run(Runtime.java:87) [cucumber-core-6.8.2.jar:6.8.2]
	at io.cucumber.core.cli.Main.run(Main.java:92) [cucumber-core-6.8.2.jar:6.8.2]
	at io.cucumber.core.cli.Main.main(Main.java:34) [cucumber-core-6.8.2.jar:6.8.2]
2023-11-24 12:56:22,099 [main] DEBUG com.appiancorp.ps.automatedtest.fixture.BaseFixture - browser=CHROME
2023-11-24 12:56:25,888 [main] DEBUG com.appiancorp.ps.automatedtest.common.FixtureMetrics - userid=9077768cb743038a6302fa2ce30e215ce1b8adbc3f9602c952eaee15cc6fb201, pipelineDimension=Standalone, testingFramework=FitNesse
2023-11-24 12:56:26,945 [main] DEBUG com.appiancorp.ps.automatedtest.tempo.TempoLogin - LOGIN [YexleQA]
2023-11-24 12:56:30,940 [main] DEBUG com.appiancorp.ps.automatedtest.tempo.TempoLogin - WAIT FOR LOGIN
2023-11-24 12:57:02,478 [main] ERROR com.appiancorp.ps.automatedtest.exception.ExceptionBuilder - Logout link
org.openqa.selenium.NoSuchElementException: no such element: Unable to locate element: {"method":"xpath","selector":"//a[contains(@aria-label,'Open user options menu')]"}
  (Session info: chrome=119.0.6045.160)
For documentation on this error, please visit: https://www.selenium.dev/documentation/webdriver/troubleshooting/errors#no-such-element-exception
Build info: version: '4.11.0', revision: '040bc5406b'
System info: os.name: 'Windows 10', os.arch: 'amd64', os.version: '10.0', java.version: '21'
Driver info: org.openqa.selenium.chrome.ChromeDriver
Command: [5968f35f2088ac604b3eccf93b4d5c8d, findElement {using=xpath, value=//a[contains(@aria-label,'Open user options menu')]}]
Capabilities {acceptInsecureCerts: false, browserName: chrome, browserVersion: 119.0.6045.160, chrome: {chromedriverVersion: 119.0.6045.105 (38c72552c5e..., userDataDir: C:\Users\USER\AppData\Local...}, fedcm:accounts: true, goog:chromeOptions: {debuggerAddress: localhost:55007}, networkConnectionEnabled: false, pageLoadStrategy: normal, platformName: windows, proxy: Proxy(), se:cdp: ws://localhost:55007/devtoo..., se:cdpVersion: 119.0.6045.160, setWindowRect: true, strictFileInteractability: false, timeouts: {implicit: 0, pageLoad: 300000, script: 30000}, unhandledPromptBehavior: dismiss and notify, webauthn:extension:credBlob: true, webauthn:extension:largeBlob: true, webauthn:extension:minPinLength: true, webauthn:extension:prf: true, webauthn:virtualAuthenticators: true}
Session ID: 5968f35f2088ac604b3eccf93b4d5c8d
	at jdk.internal.reflect.DirectConstructorHandleAccessor.newInstance(DirectConstructorHandleAccessor.java:62) ~[?:?]
	at java.lang.reflect.Constructor.newInstanceWithCaller(Constructor.java:502) ~[?:?]
	at java.lang.reflect.Constructor.newInstance(Constructor.java:486) ~[?:?]
	at org.openqa.selenium.remote.codec.w3c.W3CHttpResponseCodec.createException(W3CHttpResponseCodec.java:200) ~[cucumber-for-appian-23.4.jar:?]
	at org.openqa.selenium.remote.codec.w3c.W3CHttpResponseCodec.decode(W3CHttpResponseCodec.java:133) ~[cucumber-for-appian-23.4.jar:?]
	at org.openqa.selenium.remote.codec.w3c.W3CHttpResponseCodec.decode(W3CHttpResponseCodec.java:52) ~[cucumber-for-appian-23.4.jar:?]
	at org.openqa.selenium.remote.HttpCommandExecutor.execute(HttpCommandExecutor.java:191) ~[cucumber-for-appian-23.4.jar:?]
	at org.openqa.selenium.remote.service.DriverCommandExecutor.invokeExecute(DriverCommandExecutor.java:196) ~[cucumber-for-appian-23.4.jar:?]
	at org.openqa.selenium.remote.service.DriverCommandExecutor.execute(DriverCommandExecutor.java:171) ~[cucumber-for-appian-23.4.jar:?]
	at org.openqa.selenium.remote.RemoteWebDriver.execute(RemoteWebDriver.java:518) ~[cucumber-for-appian-23.4.jar:?]
	at org.openqa.selenium.remote.ElementLocation$ElementFinder$2.findElement(ElementLocation.java:165) ~[cucumber-for-appian-23.4.jar:?]
	at org.openqa.selenium.remote.ElementLocation.findElement(ElementLocation.java:59) ~[cucumber-for-appian-23.4.jar:?]
	at org.openqa.selenium.remote.RemoteWebDriver.findElement(RemoteWebDriver.java:355) ~[cucumber-for-appian-23.4.jar:?]
	at org.openqa.selenium.remote.RemoteWebDriver.findElement(RemoteWebDriver.java:349) ~[cucumber-for-appian-23.4.jar:?]
	at com.appiancorp.ps.automatedtest.tempo.TempoLogin.waitForSitesLogoutLink(TempoLogin.java:109) ~[cucumber-for-appian-23.4.jar:?]
	at com.appiancorp.ps.automatedtest.tempo.TempoLogin.waitFor(TempoLogin.java:92) ~[cucumber-for-appian-23.4.jar:?]
	at com.appiancorp.ps.automatedtest.tempo.TempoLogin.login(TempoLogin.java:148) ~[cucumber-for-appian-23.4.jar:?]
	at com.appiancorp.ps.automatedtest.fixture.BaseFixture.loginIntoWithUsernameAndPassword(BaseFixture.java:438) ~[cucumber-for-appian-23.4.jar:?]
	at com.appiancorp.ps.automatedtest.fixture.BaseFixture.loginIntoWithUsername(BaseFixture.java:467) ~[cucumber-for-appian-23.4.jar:?]
	at com.appiancorp.ps.automatedtest.fixture.BaseFixture.loginWithUsername(BaseFixture.java:478) ~[cucumber-for-appian-23.4.jar:?]
	at com.appiancorp.ps.cucumber.fixtures.CucumberBaseFixture.loginWithUsername(CucumberBaseFixture.java:64) ~[cucumber-for-appian-23.4.jar:?]
	at jdk.internal.reflect.DirectMethodHandleAccessor.invoke(DirectMethodHandleAccessor.java:103) ~[?:?]
	at java.lang.reflect.Method.invoke(Method.java:580) ~[?:?]
	at io.cucumber.java.Invoker.doInvoke(Invoker.java:66) ~[cucumber-java-6.8.2.jar:6.8.2]
	at io.cucumber.java.Invoker.invoke(Invoker.java:24) ~[cucumber-java-6.8.2.jar:6.8.2]
	at io.cucumber.java.AbstractGlueDefinition.invokeMethod(AbstractGlueDefinition.java:47) ~[cucumber-java-6.8.2.jar:6.8.2]
	at io.cucumber.java.JavaStepDefinition.execute(JavaStepDefinition.java:29) ~[cucumber-java-6.8.2.jar:6.8.2]
	at io.cucumber.core.runner.CoreStepDefinition.execute(CoreStepDefinition.java:66) ~[cucumber-core-6.8.2.jar:6.8.2]
	at io.cucumber.core.runner.PickleStepDefinitionMatch.runStep(PickleStepDefinitionMatch.java:63) ~[cucumber-core-6.8.2.jar:6.8.2]
	at io.cucumber.core.runner.ExecutionMode$1.execute(ExecutionMode.java:10) ~[cucumber-core-6.8.2.jar:6.8.2]
	at io.cucumber.core.runner.TestStep.executeStep(TestStep.java:92) ~[cucumber-core-6.8.2.jar:6.8.2]
	at io.cucumber.core.runner.TestStep.run(TestStep.java:64) ~[cucumber-core-6.8.2.jar:6.8.2]
	at io.cucumber.core.runner.PickleStepTestStep.run(PickleStepTestStep.java:51) ~[cucumber-core-6.8.2.jar:6.8.2]
	at io.cucumber.core.runner.TestCase.run(TestCase.java:104) ~[cucumber-core-6.8.2.jar:6.8.2]
	at io.cucumber.core.runner.Runner.runPickle(Runner.java:71) ~[cucumber-core-6.8.2.jar:6.8.2]
	at io.cucumber.core.runtime.Runtime.lambda$execute$5(Runtime.java:110) ~[cucumber-core-6.8.2.jar:6.8.2]
	at io.cucumber.core.runtime.CucumberExecutionContext.runTestCase(CucumberExecutionContext.java:117) ~[cucumber-core-6.8.2.jar:6.8.2]
	at io.cucumber.core.runtime.Runtime.lambda$execute$6(Runtime.java:110) ~[cucumber-core-6.8.2.jar:6.8.2]
	at java.util.concurrent.Executors$RunnableAdapter.call(Executors.java:572) ~[?:?]
	at java.util.concurrent.FutureTask.run(FutureTask.java:317) ~[?:?]
	at io.cucumber.core.runtime.Runtime$SameThreadExecutorService.execute(Runtime.java:233) ~[cucumber-core-6.8.2.jar:6.8.2]
	at java.util.concurrent.AbstractExecutorService.submit(AbstractExecutorService.java:123) ~[?:?]
	at io.cucumber.core.runtime.Runtime.lambda$run$2(Runtime.java:86) ~[cucumber-core-6.8.2.jar:6.8.2]
	at java.util.stream.ReferencePipeline$3$1.accept(ReferencePipeline.java:197) [?:?]
	at java.util.stream.SliceOps$1$1.accept(SliceOps.java:200) [?:?]
	at java.util.ArrayList$ArrayListSpliterator.tryAdvance(ArrayList.java:1685) [?:?]
	at java.util.stream.ReferencePipeline.forEachWithCancel(ReferencePipeline.java:129) [?:?]
	at java.util.stream.AbstractPipeline.copyIntoWithCancel(AbstractPipeline.java:527) [?:?]
	at java.util.stream.AbstractPipeline.copyInto(AbstractPipeline.java:513) [?:?]
	at java.util.stream.AbstractPipeline.wrapAndCopyInto(AbstractPipeline.java:499) [?:?]
	at java.util.stream.ReduceOps$ReduceOp.evaluateSequential(ReduceOps.java:921) [?:?]
	at java.util.stream.AbstractPipeline.evaluate(AbstractPipeline.java:234) [?:?]
	at java.util.stream.ReferencePipeline.collect(ReferencePipeline.java:682) [?:?]
	at io.cucumber.core.runtime.Runtime.run(Runtime.java:87) [cucumber-core-6.8.2.jar:6.8.2]
	at io.cucumber.core.cli.Main.run(Main.java:92) [cucumber-core-6.8.2.jar:6.8.2]
	at io.cucumber.core.cli.Main.main(Main.java:34) [cucumber-core-6.8.2.jar:6.8.2]
2023-11-24 12:57:02,535 [main] ERROR com.appiancorp.ps.automatedtest.exception.ExceptionBuilder - Login page - YexleQA
com.appiancorp.ps.automatedtest.exception.ObjectNotFoundTestException: message:<<Object not found: Logout link>>
	at com.appiancorp.ps.automatedtest.exception.ExceptionBuilder.build(ExceptionBuilder.java:29) ~[cucumber-for-appian-23.4.jar:?]
	at com.appiancorp.ps.automatedtest.tempo.TempoLogin.waitFor(TempoLogin.java:96) ~[cucumber-for-appian-23.4.jar:?]
	at com.appiancorp.ps.automatedtest.tempo.TempoLogin.login(TempoLogin.java:148) ~[cucumber-for-appian-23.4.jar:?]
	at com.appiancorp.ps.automatedtest.fixture.BaseFixture.loginIntoWithUsernameAndPassword(BaseFixture.java:438) ~[cucumber-for-appian-23.4.jar:?]
	at com.appiancorp.ps.automatedtest.fixture.BaseFixture.loginIntoWithUsername(BaseFixture.java:467) ~[cucumber-for-appian-23.4.jar:?]
	at com.appiancorp.ps.automatedtest.fixture.BaseFixture.loginWithUsername(BaseFixture.java:478) ~[cucumber-for-appian-23.4.jar:?]
	at com.appiancorp.ps.cucumber.fixtures.CucumberBaseFixture.loginWithUsername(CucumberBaseFixture.java:64) ~[cucumber-for-appian-23.4.jar:?]
	at jdk.internal.reflect.DirectMethodHandleAccessor.invoke(DirectMethodHandleAccessor.java:103) ~[?:?]
	at java.lang.reflect.Method.invoke(Method.java:580) ~[?:?]
	at io.cucumber.java.Invoker.doInvoke(Invoker.java:66) ~[cucumber-java-6.8.2.jar:6.8.2]
	at io.cucumber.java.Invoker.invoke(Invoker.java:24) ~[cucumber-java-6.8.2.jar:6.8.2]
	at io.cucumber.java.AbstractGlueDefinition.invokeMethod(AbstractGlueDefinition.java:47) ~[cucumber-java-6.8.2.jar:6.8.2]
	at io.cucumber.java.JavaStepDefinition.execute(JavaStepDefinition.java:29) ~[cucumber-java-6.8.2.jar:6.8.2]
	at io.cucumber.core.runner.CoreStepDefinition.execute(CoreStepDefinition.java:66) ~[cucumber-core-6.8.2.jar:6.8.2]
	at io.cucumber.core.runner.PickleStepDefinitionMatch.runStep(PickleStepDefinitionMatch.java:63) ~[cucumber-core-6.8.2.jar:6.8.2]
	at io.cucumber.core.runner.ExecutionMode$1.execute(ExecutionMode.java:10) ~[cucumber-core-6.8.2.jar:6.8.2]
	at io.cucumber.core.runner.TestStep.executeStep(TestStep.java:92) ~[cucumber-core-6.8.2.jar:6.8.2]
	at io.cucumber.core.runner.TestStep.run(TestStep.java:64) ~[cucumber-core-6.8.2.jar:6.8.2]
	at io.cucumber.core.runner.PickleStepTestStep.run(PickleStepTestStep.java:51) ~[cucumber-core-6.8.2.jar:6.8.2]
	at io.cucumber.core.runner.TestCase.run(TestCase.java:104) ~[cucumber-core-6.8.2.jar:6.8.2]
	at io.cucumber.core.runner.Runner.runPickle(Runner.java:71) ~[cucumber-core-6.8.2.jar:6.8.2]
	at io.cucumber.core.runtime.Runtime.lambda$execute$5(Runtime.java:110) ~[cucumber-core-6.8.2.jar:6.8.2]
	at io.cucumber.core.runtime.CucumberExecutionContext.runTestCase(CucumberExecutionContext.java:117) ~[cucumber-core-6.8.2.jar:6.8.2]
	at io.cucumber.core.runtime.Runtime.lambda$execute$6(Runtime.java:110) ~[cucumber-core-6.8.2.jar:6.8.2]
	at java.util.concurrent.Executors$RunnableAdapter.call(Executors.java:572) ~[?:?]
	at java.util.concurrent.FutureTask.run(FutureTask.java:317) ~[?:?]
	at io.cucumber.core.runtime.Runtime$SameThreadExecutorService.execute(Runtime.java:233) ~[cucumber-core-6.8.2.jar:6.8.2]
	at java.util.concurrent.AbstractExecutorService.submit(AbstractExecutorService.java:123) ~[?:?]
	at io.cucumber.core.runtime.Runtime.lambda$run$2(Runtime.java:86) ~[cucumber-core-6.8.2.jar:6.8.2]
	at java.util.stream.ReferencePipeline$3$1.accept(ReferencePipeline.java:197) [?:?]
	at java.util.stream.SliceOps$1$1.accept(SliceOps.java:200) [?:?]
	at java.util.ArrayList$ArrayListSpliterator.tryAdvance(ArrayList.java:1685) [?:?]
	at java.util.stream.ReferencePipeline.forEachWithCancel(ReferencePipeline.java:129) [?:?]
	at java.util.stream.AbstractPipeline.copyIntoWithCancel(AbstractPipeline.java:527) [?:?]
	at java.util.stream.AbstractPipeline.copyInto(AbstractPipeline.java:513) [?:?]
	at java.util.stream.AbstractPipeline.wrapAndCopyInto(AbstractPipeline.java:499) [?:?]
	at java.util.stream.ReduceOps$ReduceOp.evaluateSequential(ReduceOps.java:921) [?:?]
	at java.util.stream.AbstractPipeline.evaluate(AbstractPipeline.java:234) [?:?]
	at java.util.stream.ReferencePipeline.collect(ReferencePipeline.java:682) [?:?]
	at io.cucumber.core.runtime.Runtime.run(Runtime.java:87) [cucumber-core-6.8.2.jar:6.8.2]
	at io.cucumber.core.cli.Main.run(Main.java:92) [cucumber-core-6.8.2.jar:6.8.2]
	at io.cucumber.core.cli.Main.main(Main.java:34) [cucumber-core-6.8.2.jar:6.8.2]
2023-11-24 12:57:52,190 [main] DEBUG com.appiancorp.ps.automatedtest.fixture.BaseFixture - browser=CHROME
2023-11-24 12:57:58,107 [main] DEBUG com.appiancorp.ps.automatedtest.common.FixtureMetrics - userid=9077768cb743038a6302fa2ce30e215ce1b8adbc3f9602c952eaee15cc6fb201, pipelineDimension=Standalone, testingFramework=FitNesse
2023-11-24 12:57:59,079 [main] DEBUG com.appiancorp.ps.automatedtest.tempo.TempoLogin - LOGIN [YexleQA]
2023-11-24 12:58:03,681 [main] DEBUG com.appiancorp.ps.automatedtest.tempo.TempoLogin - WAIT FOR LOGIN
2023-11-24 12:58:35,062 [main] ERROR com.appiancorp.ps.automatedtest.exception.ExceptionBuilder - Logout link
org.openqa.selenium.NoSuchElementException: no such element: Unable to locate element: {"method":"xpath","selector":"//a[contains(@aria-label,'Open user options menu')]"}
  (Session info: chrome=119.0.6045.160)
For documentation on this error, please visit: https://www.selenium.dev/documentation/webdriver/troubleshooting/errors#no-such-element-exception
Build info: version: '4.11.0', revision: '040bc5406b'
System info: os.name: 'Windows 10', os.arch: 'amd64', os.version: '10.0', java.version: '21'
Driver info: org.openqa.selenium.chrome.ChromeDriver
Command: [e7d7c1baca155fdf059e37fb4874913f, findElement {using=xpath, value=//a[contains(@aria-label,'Open user options menu')]}]
Capabilities {acceptInsecureCerts: false, browserName: chrome, browserVersion: 119.0.6045.160, chrome: {chromedriverVersion: 119.0.6045.105 (38c72552c5e..., userDataDir: C:\Users\USER\AppData\Local...}, fedcm:accounts: true, goog:chromeOptions: {debuggerAddress: localhost:55072}, networkConnectionEnabled: false, pageLoadStrategy: normal, platformName: windows, proxy: Proxy(), se:cdp: ws://localhost:55072/devtoo..., se:cdpVersion: 119.0.6045.160, setWindowRect: true, strictFileInteractability: false, timeouts: {implicit: 0, pageLoad: 300000, script: 30000}, unhandledPromptBehavior: dismiss and notify, webauthn:extension:credBlob: true, webauthn:extension:largeBlob: true, webauthn:extension:minPinLength: true, webauthn:extension:prf: true, webauthn:virtualAuthenticators: true}
Session ID: e7d7c1baca155fdf059e37fb4874913f
	at jdk.internal.reflect.DirectConstructorHandleAccessor.newInstance(DirectConstructorHandleAccessor.java:62) ~[?:?]
	at java.lang.reflect.Constructor.newInstanceWithCaller(Constructor.java:502) ~[?:?]
	at java.lang.reflect.Constructor.newInstance(Constructor.java:486) ~[?:?]
	at org.openqa.selenium.remote.codec.w3c.W3CHttpResponseCodec.createException(W3CHttpResponseCodec.java:200) ~[cucumber-for-appian-23.4.jar:?]
	at org.openqa.selenium.remote.codec.w3c.W3CHttpResponseCodec.decode(W3CHttpResponseCodec.java:133) ~[cucumber-for-appian-23.4.jar:?]
	at org.openqa.selenium.remote.codec.w3c.W3CHttpResponseCodec.decode(W3CHttpResponseCodec.java:52) ~[cucumber-for-appian-23.4.jar:?]
	at org.openqa.selenium.remote.HttpCommandExecutor.execute(HttpCommandExecutor.java:191) ~[cucumber-for-appian-23.4.jar:?]
	at org.openqa.selenium.remote.service.DriverCommandExecutor.invokeExecute(DriverCommandExecutor.java:196) ~[cucumber-for-appian-23.4.jar:?]
	at org.openqa.selenium.remote.service.DriverCommandExecutor.execute(DriverCommandExecutor.java:171) ~[cucumber-for-appian-23.4.jar:?]
	at org.openqa.selenium.remote.RemoteWebDriver.execute(RemoteWebDriver.java:518) ~[cucumber-for-appian-23.4.jar:?]
	at org.openqa.selenium.remote.ElementLocation$ElementFinder$2.findElement(ElementLocation.java:165) ~[cucumber-for-appian-23.4.jar:?]
	at org.openqa.selenium.remote.ElementLocation.findElement(ElementLocation.java:59) ~[cucumber-for-appian-23.4.jar:?]
	at org.openqa.selenium.remote.RemoteWebDriver.findElement(RemoteWebDriver.java:355) ~[cucumber-for-appian-23.4.jar:?]
	at org.openqa.selenium.remote.RemoteWebDriver.findElement(RemoteWebDriver.java:349) ~[cucumber-for-appian-23.4.jar:?]
	at com.appiancorp.ps.automatedtest.tempo.TempoLogin.waitForSitesLogoutLink(TempoLogin.java:109) ~[cucumber-for-appian-23.4.jar:?]
	at com.appiancorp.ps.automatedtest.tempo.TempoLogin.waitFor(TempoLogin.java:92) ~[cucumber-for-appian-23.4.jar:?]
	at com.appiancorp.ps.automatedtest.tempo.TempoLogin.login(TempoLogin.java:148) ~[cucumber-for-appian-23.4.jar:?]
	at com.appiancorp.ps.automatedtest.fixture.BaseFixture.loginIntoWithUsernameAndPassword(BaseFixture.java:438) ~[cucumber-for-appian-23.4.jar:?]
	at com.appiancorp.ps.automatedtest.fixture.BaseFixture.loginIntoWithUsername(BaseFixture.java:467) ~[cucumber-for-appian-23.4.jar:?]
	at com.appiancorp.ps.automatedtest.fixture.BaseFixture.loginWithUsername(BaseFixture.java:478) ~[cucumber-for-appian-23.4.jar:?]
	at com.appiancorp.ps.cucumber.fixtures.CucumberBaseFixture.loginWithUsername(CucumberBaseFixture.java:64) ~[cucumber-for-appian-23.4.jar:?]
	at jdk.internal.reflect.DirectMethodHandleAccessor.invoke(DirectMethodHandleAccessor.java:103) ~[?:?]
	at java.lang.reflect.Method.invoke(Method.java:580) ~[?:?]
	at io.cucumber.java.Invoker.doInvoke(Invoker.java:66) ~[cucumber-java-6.8.2.jar:6.8.2]
	at io.cucumber.java.Invoker.invoke(Invoker.java:24) ~[cucumber-java-6.8.2.jar:6.8.2]
	at io.cucumber.java.AbstractGlueDefinition.invokeMethod(AbstractGlueDefinition.java:47) ~[cucumber-java-6.8.2.jar:6.8.2]
	at io.cucumber.java.JavaStepDefinition.execute(JavaStepDefinition.java:29) ~[cucumber-java-6.8.2.jar:6.8.2]
	at io.cucumber.core.runner.CoreStepDefinition.execute(CoreStepDefinition.java:66) ~[cucumber-core-6.8.2.jar:6.8.2]
	at io.cucumber.core.runner.PickleStepDefinitionMatch.runStep(PickleStepDefinitionMatch.java:63) ~[cucumber-core-6.8.2.jar:6.8.2]
	at io.cucumber.core.runner.ExecutionMode$1.execute(ExecutionMode.java:10) ~[cucumber-core-6.8.2.jar:6.8.2]
	at io.cucumber.core.runner.TestStep.executeStep(TestStep.java:92) ~[cucumber-core-6.8.2.jar:6.8.2]
	at io.cucumber.core.runner.TestStep.run(TestStep.java:64) ~[cucumber-core-6.8.2.jar:6.8.2]
	at io.cucumber.core.runner.PickleStepTestStep.run(PickleStepTestStep.java:51) ~[cucumber-core-6.8.2.jar:6.8.2]
	at io.cucumber.core.runner.TestCase.run(TestCase.java:104) ~[cucumber-core-6.8.2.jar:6.8.2]
	at io.cucumber.core.runner.Runner.runPickle(Runner.java:71) ~[cucumber-core-6.8.2.jar:6.8.2]
	at io.cucumber.core.runtime.Runtime.lambda$execute$5(Runtime.java:110) ~[cucumber-core-6.8.2.jar:6.8.2]
	at io.cucumber.core.runtime.CucumberExecutionContext.runTestCase(CucumberExecutionContext.java:117) ~[cucumber-core-6.8.2.jar:6.8.2]
	at io.cucumber.core.runtime.Runtime.lambda$execute$6(Runtime.java:110) ~[cucumber-core-6.8.2.jar:6.8.2]
	at java.util.concurrent.Executors$RunnableAdapter.call(Executors.java:572) ~[?:?]
	at java.util.concurrent.FutureTask.run(FutureTask.java:317) ~[?:?]
	at io.cucumber.core.runtime.Runtime$SameThreadExecutorService.execute(Runtime.java:233) ~[cucumber-core-6.8.2.jar:6.8.2]
	at java.util.concurrent.AbstractExecutorService.submit(AbstractExecutorService.java:123) ~[?:?]
	at io.cucumber.core.runtime.Runtime.lambda$run$2(Runtime.java:86) ~[cucumber-core-6.8.2.jar:6.8.2]
	at java.util.stream.ReferencePipeline$3$1.accept(ReferencePipeline.java:197) [?:?]
	at java.util.stream.SliceOps$1$1.accept(SliceOps.java:200) [?:?]
	at java.util.ArrayList$ArrayListSpliterator.tryAdvance(ArrayList.java:1685) [?:?]
	at java.util.stream.ReferencePipeline.forEachWithCancel(ReferencePipeline.java:129) [?:?]
	at java.util.stream.AbstractPipeline.copyIntoWithCancel(AbstractPipeline.java:527) [?:?]
	at java.util.stream.AbstractPipeline.copyInto(AbstractPipeline.java:513) [?:?]
	at java.util.stream.AbstractPipeline.wrapAndCopyInto(AbstractPipeline.java:499) [?:?]
	at java.util.stream.ReduceOps$ReduceOp.evaluateSequential(ReduceOps.java:921) [?:?]
	at java.util.stream.AbstractPipeline.evaluate(AbstractPipeline.java:234) [?:?]
	at java.util.stream.ReferencePipeline.collect(ReferencePipeline.java:682) [?:?]
	at io.cucumber.core.runtime.Runtime.run(Runtime.java:87) [cucumber-core-6.8.2.jar:6.8.2]
	at io.cucumber.core.cli.Main.run(Main.java:92) [cucumber-core-6.8.2.jar:6.8.2]
	at io.cucumber.core.cli.Main.main(Main.java:34) [cucumber-core-6.8.2.jar:6.8.2]
2023-11-24 12:58:35,075 [main] ERROR com.appiancorp.ps.automatedtest.exception.ExceptionBuilder - Login page - YexleQA
com.appiancorp.ps.automatedtest.exception.ObjectNotFoundTestException: message:<<Object not found: Logout link>>
	at com.appiancorp.ps.automatedtest.exception.ExceptionBuilder.build(ExceptionBuilder.java:29) ~[cucumber-for-appian-23.4.jar:?]
	at com.appiancorp.ps.automatedtest.tempo.TempoLogin.waitFor(TempoLogin.java:96) ~[cucumber-for-appian-23.4.jar:?]
	at com.appiancorp.ps.automatedtest.tempo.TempoLogin.login(TempoLogin.java:148) ~[cucumber-for-appian-23.4.jar:?]
	at com.appiancorp.ps.automatedtest.fixture.BaseFixture.loginIntoWithUsernameAndPassword(BaseFixture.java:438) ~[cucumber-for-appian-23.4.jar:?]
	at com.appiancorp.ps.automatedtest.fixture.BaseFixture.loginIntoWithUsername(BaseFixture.java:467) ~[cucumber-for-appian-23.4.jar:?]
	at com.appiancorp.ps.automatedtest.fixture.BaseFixture.loginWithUsername(BaseFixture.java:478) ~[cucumber-for-appian-23.4.jar:?]
	at com.appiancorp.ps.cucumber.fixtures.CucumberBaseFixture.loginWithUsername(CucumberBaseFixture.java:64) ~[cucumber-for-appian-23.4.jar:?]
	at jdk.internal.reflect.DirectMethodHandleAccessor.invoke(DirectMethodHandleAccessor.java:103) ~[?:?]
	at java.lang.reflect.Method.invoke(Method.java:580) ~[?:?]
	at io.cucumber.java.Invoker.doInvoke(Invoker.java:66) ~[cucumber-java-6.8.2.jar:6.8.2]
	at io.cucumber.java.Invoker.invoke(Invoker.java:24) ~[cucumber-java-6.8.2.jar:6.8.2]
	at io.cucumber.java.AbstractGlueDefinition.invokeMethod(AbstractGlueDefinition.java:47) ~[cucumber-java-6.8.2.jar:6.8.2]
	at io.cucumber.java.JavaStepDefinition.execute(JavaStepDefinition.java:29) ~[cucumber-java-6.8.2.jar:6.8.2]
	at io.cucumber.core.runner.CoreStepDefinition.execute(CoreStepDefinition.java:66) ~[cucumber-core-6.8.2.jar:6.8.2]
	at io.cucumber.core.runner.PickleStepDefinitionMatch.runStep(PickleStepDefinitionMatch.java:63) ~[cucumber-core-6.8.2.jar:6.8.2]
	at io.cucumber.core.runner.ExecutionMode$1.execute(ExecutionMode.java:10) ~[cucumber-core-6.8.2.jar:6.8.2]
	at io.cucumber.core.runner.TestStep.executeStep(TestStep.java:92) ~[cucumber-core-6.8.2.jar:6.8.2]
	at io.cucumber.core.runner.TestStep.run(TestStep.java:64) ~[cucumber-core-6.8.2.jar:6.8.2]
	at io.cucumber.core.runner.PickleStepTestStep.run(PickleStepTestStep.java:51) ~[cucumber-core-6.8.2.jar:6.8.2]
	at io.cucumber.core.runner.TestCase.run(TestCase.java:104) ~[cucumber-core-6.8.2.jar:6.8.2]
	at io.cucumber.core.runner.Runner.runPickle(Runner.java:71) ~[cucumber-core-6.8.2.jar:6.8.2]
	at io.cucumber.core.runtime.Runtime.lambda$execute$5(Runtime.java:110) ~[cucumber-core-6.8.2.jar:6.8.2]
	at io.cucumber.core.runtime.CucumberExecutionContext.runTestCase(CucumberExecutionContext.java:117) ~[cucumber-core-6.8.2.jar:6.8.2]
	at io.cucumber.core.runtime.Runtime.lambda$execute$6(Runtime.java:110) ~[cucumber-core-6.8.2.jar:6.8.2]
	at java.util.concurrent.Executors$RunnableAdapter.call(Executors.java:572) ~[?:?]
	at java.util.concurrent.FutureTask.run(FutureTask.java:317) ~[?:?]
	at io.cucumber.core.runtime.Runtime$SameThreadExecutorService.execute(Runtime.java:233) ~[cucumber-core-6.8.2.jar:6.8.2]
	at java.util.concurrent.AbstractExecutorService.submit(AbstractExecutorService.java:123) ~[?:?]
	at io.cucumber.core.runtime.Runtime.lambda$run$2(Runtime.java:86) ~[cucumber-core-6.8.2.jar:6.8.2]
	at java.util.stream.ReferencePipeline$3$1.accept(ReferencePipeline.java:197) [?:?]
	at java.util.stream.SliceOps$1$1.accept(SliceOps.java:200) [?:?]
	at java.util.ArrayList$ArrayListSpliterator.tryAdvance(ArrayList.java:1685) [?:?]
	at java.util.stream.ReferencePipeline.forEachWithCancel(ReferencePipeline.java:129) [?:?]
	at java.util.stream.AbstractPipeline.copyIntoWithCancel(AbstractPipeline.java:527) [?:?]
	at java.util.stream.AbstractPipeline.copyInto(AbstractPipeline.java:513) [?:?]
	at java.util.stream.AbstractPipeline.wrapAndCopyInto(AbstractPipeline.java:499) [?:?]
	at java.util.stream.ReduceOps$ReduceOp.evaluateSequential(ReduceOps.java:921) [?:?]
	at java.util.stream.AbstractPipeline.evaluate(AbstractPipeline.java:234) [?:?]
	at java.util.stream.ReferencePipeline.collect(ReferencePipeline.java:682) [?:?]
	at io.cucumber.core.runtime.Runtime.run(Runtime.java:87) [cucumber-core-6.8.2.jar:6.8.2]
	at io.cucumber.core.cli.Main.run(Main.java:92) [cucumber-core-6.8.2.jar:6.8.2]
	at io.cucumber.core.cli.Main.main(Main.java:34) [cucumber-core-6.8.2.jar:6.8.2]
2023-11-24 12:59:05,371 [main] DEBUG com.appiancorp.ps.automatedtest.fixture.BaseFixture - browser=CHROME
2023-11-24 12:59:10,688 [main] DEBUG com.appiancorp.ps.automatedtest.common.FixtureMetrics - userid=9077768cb743038a6302fa2ce30e215ce1b8adbc3f9602c952eaee15cc6fb201, pipelineDimension=Standalone, testingFramework=FitNesse
2023-11-24 12:59:11,619 [main] DEBUG com.appiancorp.ps.automatedtest.tempo.TempoLogin - LOGIN [YexleQA]
2023-11-24 12:59:15,355 [main] DEBUG com.appiancorp.ps.automatedtest.tempo.TempoLogin - WAIT FOR LOGIN
2023-11-24 12:59:46,515 [main] ERROR com.appiancorp.ps.automatedtest.exception.ExceptionBuilder - Logout link
org.openqa.selenium.NoSuchElementException: no such element: Unable to locate element: {"method":"xpath","selector":"//a[contains(@aria-label,'Open user options menu')]"}
  (Session info: chrome=119.0.6045.160)
For documentation on this error, please visit: https://www.selenium.dev/documentation/webdriver/troubleshooting/errors#no-such-element-exception
Build info: version: '4.11.0', revision: '040bc5406b'
System info: os.name: 'Windows 10', os.arch: 'amd64', os.version: '10.0', java.version: '21'
Driver info: org.openqa.selenium.chrome.ChromeDriver
Command: [ba0b1e9f8c4a0934cc2d401df14b689e, findElement {using=xpath, value=//a[contains(@aria-label,'Open user options menu')]}]
Capabilities {acceptInsecureCerts: false, browserName: chrome, browserVersion: 119.0.6045.160, chrome: {chromedriverVersion: 119.0.6045.105 (38c72552c5e..., userDataDir: C:\Users\USER\AppData\Local...}, fedcm:accounts: true, goog:chromeOptions: {debuggerAddress: localhost:55107}, networkConnectionEnabled: false, pageLoadStrategy: normal, platformName: windows, proxy: Proxy(), se:cdp: ws://localhost:55107/devtoo..., se:cdpVersion: 119.0.6045.160, setWindowRect: true, strictFileInteractability: false, timeouts: {implicit: 0, pageLoad: 300000, script: 30000}, unhandledPromptBehavior: dismiss and notify, webauthn:extension:credBlob: true, webauthn:extension:largeBlob: true, webauthn:extension:minPinLength: true, webauthn:extension:prf: true, webauthn:virtualAuthenticators: true}
Session ID: ba0b1e9f8c4a0934cc2d401df14b689e
	at jdk.internal.reflect.DirectConstructorHandleAccessor.newInstance(DirectConstructorHandleAccessor.java:62) ~[?:?]
	at java.lang.reflect.Constructor.newInstanceWithCaller(Constructor.java:502) ~[?:?]
	at java.lang.reflect.Constructor.newInstance(Constructor.java:486) ~[?:?]
	at org.openqa.selenium.remote.codec.w3c.W3CHttpResponseCodec.createException(W3CHttpResponseCodec.java:200) ~[cucumber-for-appian-23.4.jar:?]
	at org.openqa.selenium.remote.codec.w3c.W3CHttpResponseCodec.decode(W3CHttpResponseCodec.java:133) ~[cucumber-for-appian-23.4.jar:?]
	at org.openqa.selenium.remote.codec.w3c.W3CHttpResponseCodec.decode(W3CHttpResponseCodec.java:52) ~[cucumber-for-appian-23.4.jar:?]
	at org.openqa.selenium.remote.HttpCommandExecutor.execute(HttpCommandExecutor.java:191) ~[cucumber-for-appian-23.4.jar:?]
	at org.openqa.selenium.remote.service.DriverCommandExecutor.invokeExecute(DriverCommandExecutor.java:196) ~[cucumber-for-appian-23.4.jar:?]
	at org.openqa.selenium.remote.service.DriverCommandExecutor.execute(DriverCommandExecutor.java:171) ~[cucumber-for-appian-23.4.jar:?]
	at org.openqa.selenium.remote.RemoteWebDriver.execute(RemoteWebDriver.java:518) ~[cucumber-for-appian-23.4.jar:?]
	at org.openqa.selenium.remote.ElementLocation$ElementFinder$2.findElement(ElementLocation.java:165) ~[cucumber-for-appian-23.4.jar:?]
	at org.openqa.selenium.remote.ElementLocation.findElement(ElementLocation.java:59) ~[cucumber-for-appian-23.4.jar:?]
	at org.openqa.selenium.remote.RemoteWebDriver.findElement(RemoteWebDriver.java:355) ~[cucumber-for-appian-23.4.jar:?]
	at org.openqa.selenium.remote.RemoteWebDriver.findElement(RemoteWebDriver.java:349) ~[cucumber-for-appian-23.4.jar:?]
	at com.appiancorp.ps.automatedtest.tempo.TempoLogin.waitForSitesLogoutLink(TempoLogin.java:109) ~[cucumber-for-appian-23.4.jar:?]
	at com.appiancorp.ps.automatedtest.tempo.TempoLogin.waitFor(TempoLogin.java:92) ~[cucumber-for-appian-23.4.jar:?]
	at com.appiancorp.ps.automatedtest.tempo.TempoLogin.login(TempoLogin.java:148) ~[cucumber-for-appian-23.4.jar:?]
	at com.appiancorp.ps.automatedtest.fixture.BaseFixture.loginIntoWithUsernameAndPassword(BaseFixture.java:438) ~[cucumber-for-appian-23.4.jar:?]
	at com.appiancorp.ps.automatedtest.fixture.BaseFixture.loginIntoWithUsername(BaseFixture.java:467) ~[cucumber-for-appian-23.4.jar:?]
	at com.appiancorp.ps.automatedtest.fixture.BaseFixture.loginWithUsername(BaseFixture.java:478) ~[cucumber-for-appian-23.4.jar:?]
	at com.appiancorp.ps.cucumber.fixtures.CucumberBaseFixture.loginWithUsername(CucumberBaseFixture.java:64) ~[cucumber-for-appian-23.4.jar:?]
	at jdk.internal.reflect.DirectMethodHandleAccessor.invoke(DirectMethodHandleAccessor.java:103) ~[?:?]
	at java.lang.reflect.Method.invoke(Method.java:580) ~[?:?]
	at io.cucumber.java.Invoker.doInvoke(Invoker.java:66) ~[cucumber-java-6.8.2.jar:6.8.2]
	at io.cucumber.java.Invoker.invoke(Invoker.java:24) ~[cucumber-java-6.8.2.jar:6.8.2]
	at io.cucumber.java.AbstractGlueDefinition.invokeMethod(AbstractGlueDefinition.java:47) ~[cucumber-java-6.8.2.jar:6.8.2]
	at io.cucumber.java.JavaStepDefinition.execute(JavaStepDefinition.java:29) ~[cucumber-java-6.8.2.jar:6.8.2]
	at io.cucumber.core.runner.CoreStepDefinition.execute(CoreStepDefinition.java:66) ~[cucumber-core-6.8.2.jar:6.8.2]
	at io.cucumber.core.runner.PickleStepDefinitionMatch.runStep(PickleStepDefinitionMatch.java:63) ~[cucumber-core-6.8.2.jar:6.8.2]
	at io.cucumber.core.runner.ExecutionMode$1.execute(ExecutionMode.java:10) ~[cucumber-core-6.8.2.jar:6.8.2]
	at io.cucumber.core.runner.TestStep.executeStep(TestStep.java:92) ~[cucumber-core-6.8.2.jar:6.8.2]
	at io.cucumber.core.runner.TestStep.run(TestStep.java:64) ~[cucumber-core-6.8.2.jar:6.8.2]
	at io.cucumber.core.runner.PickleStepTestStep.run(PickleStepTestStep.java:51) ~[cucumber-core-6.8.2.jar:6.8.2]
	at io.cucumber.core.runner.TestCase.run(TestCase.java:104) ~[cucumber-core-6.8.2.jar:6.8.2]
	at io.cucumber.core.runner.Runner.runPickle(Runner.java:71) ~[cucumber-core-6.8.2.jar:6.8.2]
	at io.cucumber.core.runtime.Runtime.lambda$execute$5(Runtime.java:110) ~[cucumber-core-6.8.2.jar:6.8.2]
	at io.cucumber.core.runtime.CucumberExecutionContext.runTestCase(CucumberExecutionContext.java:117) ~[cucumber-core-6.8.2.jar:6.8.2]
	at io.cucumber.core.runtime.Runtime.lambda$execute$6(Runtime.java:110) ~[cucumber-core-6.8.2.jar:6.8.2]
	at java.util.concurrent.Executors$RunnableAdapter.call(Executors.java:572) ~[?:?]
	at java.util.concurrent.FutureTask.run(FutureTask.java:317) ~[?:?]
	at io.cucumber.core.runtime.Runtime$SameThreadExecutorService.execute(Runtime.java:233) ~[cucumber-core-6.8.2.jar:6.8.2]
	at java.util.concurrent.AbstractExecutorService.submit(AbstractExecutorService.java:123) ~[?:?]
	at io.cucumber.core.runtime.Runtime.lambda$run$2(Runtime.java:86) ~[cucumber-core-6.8.2.jar:6.8.2]
	at java.util.stream.ReferencePipeline$3$1.accept(ReferencePipeline.java:197) [?:?]
	at java.util.stream.SliceOps$1$1.accept(SliceOps.java:200) [?:?]
	at java.util.ArrayList$ArrayListSpliterator.tryAdvance(ArrayList.java:1685) [?:?]
	at java.util.stream.ReferencePipeline.forEachWithCancel(ReferencePipeline.java:129) [?:?]
	at java.util.stream.AbstractPipeline.copyIntoWithCancel(AbstractPipeline.java:527) [?:?]
	at java.util.stream.AbstractPipeline.copyInto(AbstractPipeline.java:513) [?:?]
	at java.util.stream.AbstractPipeline.wrapAndCopyInto(AbstractPipeline.java:499) [?:?]
	at java.util.stream.ReduceOps$ReduceOp.evaluateSequential(ReduceOps.java:921) [?:?]
	at java.util.stream.AbstractPipeline.evaluate(AbstractPipeline.java:234) [?:?]
	at java.util.stream.ReferencePipeline.collect(ReferencePipeline.java:682) [?:?]
	at io.cucumber.core.runtime.Runtime.run(Runtime.java:87) [cucumber-core-6.8.2.jar:6.8.2]
	at io.cucumber.core.cli.Main.run(Main.java:92) [cucumber-core-6.8.2.jar:6.8.2]
	at io.cucumber.core.cli.Main.main(Main.java:34) [cucumber-core-6.8.2.jar:6.8.2]
2023-11-24 12:59:46,527 [main] ERROR com.appiancorp.ps.automatedtest.exception.ExceptionBuilder - Login page - YexleQA
com.appiancorp.ps.automatedtest.exception.ObjectNotFoundTestException: message:<<Object not found: Logout link>>
	at com.appiancorp.ps.automatedtest.exception.ExceptionBuilder.build(ExceptionBuilder.java:29) ~[cucumber-for-appian-23.4.jar:?]
	at com.appiancorp.ps.automatedtest.tempo.TempoLogin.waitFor(TempoLogin.java:96) ~[cucumber-for-appian-23.4.jar:?]
	at com.appiancorp.ps.automatedtest.tempo.TempoLogin.login(TempoLogin.java:148) ~[cucumber-for-appian-23.4.jar:?]
	at com.appiancorp.ps.automatedtest.fixture.BaseFixture.loginIntoWithUsernameAndPassword(BaseFixture.java:438) ~[cucumber-for-appian-23.4.jar:?]
	at com.appiancorp.ps.automatedtest.fixture.BaseFixture.loginIntoWithUsername(BaseFixture.java:467) ~[cucumber-for-appian-23.4.jar:?]
	at com.appiancorp.ps.automatedtest.fixture.BaseFixture.loginWithUsername(BaseFixture.java:478) ~[cucumber-for-appian-23.4.jar:?]
	at com.appiancorp.ps.cucumber.fixtures.CucumberBaseFixture.loginWithUsername(CucumberBaseFixture.java:64) ~[cucumber-for-appian-23.4.jar:?]
	at jdk.internal.reflect.DirectMethodHandleAccessor.invoke(DirectMethodHandleAccessor.java:103) ~[?:?]
	at java.lang.reflect.Method.invoke(Method.java:580) ~[?:?]
	at io.cucumber.java.Invoker.doInvoke(Invoker.java:66) ~[cucumber-java-6.8.2.jar:6.8.2]
	at io.cucumber.java.Invoker.invoke(Invoker.java:24) ~[cucumber-java-6.8.2.jar:6.8.2]
	at io.cucumber.java.AbstractGlueDefinition.invokeMethod(AbstractGlueDefinition.java:47) ~[cucumber-java-6.8.2.jar:6.8.2]
	at io.cucumber.java.JavaStepDefinition.execute(JavaStepDefinition.java:29) ~[cucumber-java-6.8.2.jar:6.8.2]
	at io.cucumber.core.runner.CoreStepDefinition.execute(CoreStepDefinition.java:66) ~[cucumber-core-6.8.2.jar:6.8.2]
	at io.cucumber.core.runner.PickleStepDefinitionMatch.runStep(PickleStepDefinitionMatch.java:63) ~[cucumber-core-6.8.2.jar:6.8.2]
	at io.cucumber.core.runner.ExecutionMode$1.execute(ExecutionMode.java:10) ~[cucumber-core-6.8.2.jar:6.8.2]
	at io.cucumber.core.runner.TestStep.executeStep(TestStep.java:92) ~[cucumber-core-6.8.2.jar:6.8.2]
	at io.cucumber.core.runner.TestStep.run(TestStep.java:64) ~[cucumber-core-6.8.2.jar:6.8.2]
	at io.cucumber.core.runner.PickleStepTestStep.run(PickleStepTestStep.java:51) ~[cucumber-core-6.8.2.jar:6.8.2]
	at io.cucumber.core.runner.TestCase.run(TestCase.java:104) ~[cucumber-core-6.8.2.jar:6.8.2]
	at io.cucumber.core.runner.Runner.runPickle(Runner.java:71) ~[cucumber-core-6.8.2.jar:6.8.2]
	at io.cucumber.core.runtime.Runtime.lambda$execute$5(Runtime.java:110) ~[cucumber-core-6.8.2.jar:6.8.2]
	at io.cucumber.core.runtime.CucumberExecutionContext.runTestCase(CucumberExecutionContext.java:117) ~[cucumber-core-6.8.2.jar:6.8.2]
	at io.cucumber.core.runtime.Runtime.lambda$execute$6(Runtime.java:110) ~[cucumber-core-6.8.2.jar:6.8.2]
	at java.util.concurrent.Executors$RunnableAdapter.call(Executors.java:572) ~[?:?]
	at java.util.concurrent.FutureTask.run(FutureTask.java:317) ~[?:?]
	at io.cucumber.core.runtime.Runtime$SameThreadExecutorService.execute(Runtime.java:233) ~[cucumber-core-6.8.2.jar:6.8.2]
	at java.util.concurrent.AbstractExecutorService.submit(AbstractExecutorService.java:123) ~[?:?]
	at io.cucumber.core.runtime.Runtime.lambda$run$2(Runtime.java:86) ~[cucumber-core-6.8.2.jar:6.8.2]
	at java.util.stream.ReferencePipeline$3$1.accept(ReferencePipeline.java:197) [?:?]
	at java.util.stream.SliceOps$1$1.accept(SliceOps.java:200) [?:?]
	at java.util.ArrayList$ArrayListSpliterator.tryAdvance(ArrayList.java:1685) [?:?]
	at java.util.stream.ReferencePipeline.forEachWithCancel(ReferencePipeline.java:129) [?:?]
	at java.util.stream.AbstractPipeline.copyIntoWithCancel(AbstractPipeline.java:527) [?:?]
	at java.util.stream.AbstractPipeline.copyInto(AbstractPipeline.java:513) [?:?]
	at java.util.stream.AbstractPipeline.wrapAndCopyInto(AbstractPipeline.java:499) [?:?]
	at java.util.stream.ReduceOps$ReduceOp.evaluateSequential(ReduceOps.java:921) [?:?]
	at java.util.stream.AbstractPipeline.evaluate(AbstractPipeline.java:234) [?:?]
	at java.util.stream.ReferencePipeline.collect(ReferencePipeline.java:682) [?:?]
	at io.cucumber.core.runtime.Runtime.run(Runtime.java:87) [cucumber-core-6.8.2.jar:6.8.2]
	at io.cucumber.core.cli.Main.run(Main.java:92) [cucumber-core-6.8.2.jar:6.8.2]
	at io.cucumber.core.cli.Main.main(Main.java:34) [cucumber-core-6.8.2.jar:6.8.2]
2023-11-24 13:02:50,099 [main] DEBUG com.appiancorp.ps.automatedtest.fixture.BaseFixture - browser=CHROME
2023-11-24 13:02:54,147 [main] DEBUG com.appiancorp.ps.automatedtest.common.FixtureMetrics - userid=9077768cb743038a6302fa2ce30e215ce1b8adbc3f9602c952eaee15cc6fb201, pipelineDimension=Standalone, testingFramework=FitNesse
2023-11-24 13:02:55,069 [main] DEBUG com.appiancorp.ps.automatedtest.tempo.TempoLogin - LOGIN [YexleQA]
2023-11-24 13:02:58,961 [main] DEBUG com.appiancorp.ps.automatedtest.tempo.TempoLogin - WAIT FOR LOGIN
2023-11-24 13:03:07,467 [main] DEBUG com.appiancorp.ps.automatedtest.tempo.interfaces.TempoButton - WAIT FOR BUTTON [NEW CASE]
2023-11-24 13:03:07,482 [main] DEBUG com.appiancorp.ps.automatedtest.tempo.interfaces.TempoButton - CLICK BUTTON [NEW CASE]
2023-11-24 13:03:12,066 [main] DEBUG com.appiancorp.ps.automatedtest.tempo.action.TempoAction - WAIT FOR ACTION [Automated Testing Input]
2023-11-24 13:03:22,415 [main] ERROR com.appiancorp.ps.automatedtest.exception.ExceptionBuilder - Action wait for - Automated Testing Input
org.openqa.selenium.TimeoutException: Expected condition failed: waiting for presence of element located by: By.xpath: //a[starts-with(@class, 'aui-ActionLink') and contains(translate(text(),'ABCDEFGHIJKLMNOPQRSTUVWXYZ','abcdefghijklmnopqrstuvwxyz'),'automated testing input')] (tried for 10 second(s) with 500 milliseconds interval)
	at org.openqa.selenium.support.ui.WebDriverWait.timeoutException(WebDriverWait.java:84) ~[cucumber-for-appian-23.4.jar:?]
	at org.openqa.selenium.support.ui.FluentWait.until(FluentWait.java:230) ~[cucumber-for-appian-23.4.jar:?]
	at com.appiancorp.ps.automatedtest.tempo.action.TempoAction.waitFor(TempoAction.java:70) ~[cucumber-for-appian-23.4.jar:?]
	at com.appiancorp.ps.automatedtest.fixture.TempoFixture.clickOnAction(TempoFixture.java:1029) ~[cucumber-for-appian-23.4.jar:?]
	at com.appiancorp.ps.cucumber.fixtures.CucumberTempoFixture.clickOnAction(CucumberTempoFixture.java:287) ~[cucumber-for-appian-23.4.jar:?]
	at jdk.internal.reflect.DirectMethodHandleAccessor.invoke(DirectMethodHandleAccessor.java:103) ~[?:?]
	at java.lang.reflect.Method.invoke(Method.java:580) ~[?:?]
	at io.cucumber.java.Invoker.doInvoke(Invoker.java:66) ~[cucumber-java-6.8.2.jar:6.8.2]
	at io.cucumber.java.Invoker.invoke(Invoker.java:24) ~[cucumber-java-6.8.2.jar:6.8.2]
	at io.cucumber.java.AbstractGlueDefinition.invokeMethod(AbstractGlueDefinition.java:47) ~[cucumber-java-6.8.2.jar:6.8.2]
	at io.cucumber.java.JavaStepDefinition.execute(JavaStepDefinition.java:29) ~[cucumber-java-6.8.2.jar:6.8.2]
	at io.cucumber.core.runner.CoreStepDefinition.execute(CoreStepDefinition.java:66) ~[cucumber-core-6.8.2.jar:6.8.2]
	at io.cucumber.core.runner.PickleStepDefinitionMatch.runStep(PickleStepDefinitionMatch.java:63) ~[cucumber-core-6.8.2.jar:6.8.2]
	at io.cucumber.core.runner.ExecutionMode$1.execute(ExecutionMode.java:10) ~[cucumber-core-6.8.2.jar:6.8.2]
	at io.cucumber.core.runner.TestStep.executeStep(TestStep.java:92) ~[cucumber-core-6.8.2.jar:6.8.2]
	at io.cucumber.core.runner.TestStep.run(TestStep.java:64) ~[cucumber-core-6.8.2.jar:6.8.2]
	at io.cucumber.core.runner.PickleStepTestStep.run(PickleStepTestStep.java:51) ~[cucumber-core-6.8.2.jar:6.8.2]
	at io.cucumber.core.runner.TestCase.run(TestCase.java:104) ~[cucumber-core-6.8.2.jar:6.8.2]
	at io.cucumber.core.runner.Runner.runPickle(Runner.java:71) ~[cucumber-core-6.8.2.jar:6.8.2]
	at io.cucumber.core.runtime.Runtime.lambda$execute$5(Runtime.java:110) ~[cucumber-core-6.8.2.jar:6.8.2]
	at io.cucumber.core.runtime.CucumberExecutionContext.runTestCase(CucumberExecutionContext.java:117) ~[cucumber-core-6.8.2.jar:6.8.2]
	at io.cucumber.core.runtime.Runtime.lambda$execute$6(Runtime.java:110) ~[cucumber-core-6.8.2.jar:6.8.2]
	at java.util.concurrent.Executors$RunnableAdapter.call(Executors.java:572) ~[?:?]
	at java.util.concurrent.FutureTask.run(FutureTask.java:317) ~[?:?]
	at io.cucumber.core.runtime.Runtime$SameThreadExecutorService.execute(Runtime.java:233) ~[cucumber-core-6.8.2.jar:6.8.2]
	at java.util.concurrent.AbstractExecutorService.submit(AbstractExecutorService.java:123) ~[?:?]
	at io.cucumber.core.runtime.Runtime.lambda$run$2(Runtime.java:86) ~[cucumber-core-6.8.2.jar:6.8.2]
	at java.util.stream.ReferencePipeline$3$1.accept(ReferencePipeline.java:197) [?:?]
	at java.util.stream.SliceOps$1$1.accept(SliceOps.java:200) [?:?]
	at java.util.ArrayList$ArrayListSpliterator.tryAdvance(ArrayList.java:1685) [?:?]
	at java.util.stream.ReferencePipeline.forEachWithCancel(ReferencePipeline.java:129) [?:?]
	at java.util.stream.AbstractPipeline.copyIntoWithCancel(AbstractPipeline.java:527) [?:?]
	at java.util.stream.AbstractPipeline.copyInto(AbstractPipeline.java:513) [?:?]
	at java.util.stream.AbstractPipeline.wrapAndCopyInto(AbstractPipeline.java:499) [?:?]
	at java.util.stream.ReduceOps$ReduceOp.evaluateSequential(ReduceOps.java:921) [?:?]
	at java.util.stream.AbstractPipeline.evaluate(AbstractPipeline.java:234) [?:?]
	at java.util.stream.ReferencePipeline.collect(ReferencePipeline.java:682) [?:?]
	at io.cucumber.core.runtime.Runtime.run(Runtime.java:87) [cucumber-core-6.8.2.jar:6.8.2]
	at io.cucumber.core.cli.Main.run(Main.java:92) [cucumber-core-6.8.2.jar:6.8.2]
	at io.cucumber.core.cli.Main.main(Main.java:34) [cucumber-core-6.8.2.jar:6.8.2]
Caused by: org.openqa.selenium.NoSuchElementException: no such element: Unable to locate element: {"method":"xpath","selector":"//a[starts-with(@class, 'aui-ActionLink') and contains(translate(text(),'ABCDEFGHIJKLMNOPQRSTUVWXYZ','abcdefghijklmnopqrstuvwxyz'),'automated testing input')]"}
  (Session info: chrome=119.0.6045.160)
For documentation on this error, please visit: https://www.selenium.dev/documentation/webdriver/troubleshooting/errors#no-such-element-exception
Build info: version: '4.11.0', revision: '040bc5406b'
System info: os.name: 'Windows 10', os.arch: 'amd64', os.version: '10.0', java.version: '21'
Driver info: org.openqa.selenium.chrome.ChromeDriver
Command: [15a382f857edaf9a83ae590c89ed07dc, findElement {using=xpath, value=//a[starts-with(@class, 'aui-ActionLink') and contains(translate(text(),'ABCDEFGHIJKLMNOPQRSTUVWXYZ','abcdefghijklmnopqrstuvwxyz'),'automated testing input')]}]
Capabilities {acceptInsecureCerts: false, browserName: chrome, browserVersion: 119.0.6045.160, chrome: {chromedriverVersion: 119.0.6045.105 (38c72552c5e..., userDataDir: C:\Users\USER\AppData\Local...}, fedcm:accounts: true, goog:chromeOptions: {debuggerAddress: localhost:55192}, networkConnectionEnabled: false, pageLoadStrategy: normal, platformName: windows, proxy: Proxy(), se:cdp: ws://localhost:55192/devtoo..., se:cdpVersion: 119.0.6045.160, setWindowRect: true, strictFileInteractability: false, timeouts: {implicit: 0, pageLoad: 300000, script: 30000}, unhandledPromptBehavior: dismiss and notify, webauthn:extension:credBlob: true, webauthn:extension:largeBlob: true, webauthn:extension:minPinLength: true, webauthn:extension:prf: true, webauthn:virtualAuthenticators: true}
Session ID: 15a382f857edaf9a83ae590c89ed07dc
	at jdk.internal.reflect.DirectConstructorHandleAccessor.newInstance(DirectConstructorHandleAccessor.java:62) ~[?:?]
	at java.lang.reflect.Constructor.newInstanceWithCaller(Constructor.java:502) ~[?:?]
	at java.lang.reflect.Constructor.newInstance(Constructor.java:486) ~[?:?]
	at org.openqa.selenium.remote.codec.w3c.W3CHttpResponseCodec.createException(W3CHttpResponseCodec.java:200) ~[cucumber-for-appian-23.4.jar:?]
	at org.openqa.selenium.remote.codec.w3c.W3CHttpResponseCodec.decode(W3CHttpResponseCodec.java:133) ~[cucumber-for-appian-23.4.jar:?]
	at org.openqa.selenium.remote.codec.w3c.W3CHttpResponseCodec.decode(W3CHttpResponseCodec.java:52) ~[cucumber-for-appian-23.4.jar:?]
	at org.openqa.selenium.remote.HttpCommandExecutor.execute(HttpCommandExecutor.java:191) ~[cucumber-for-appian-23.4.jar:?]
	at org.openqa.selenium.remote.service.DriverCommandExecutor.invokeExecute(DriverCommandExecutor.java:196) ~[cucumber-for-appian-23.4.jar:?]
	at org.openqa.selenium.remote.service.DriverCommandExecutor.execute(DriverCommandExecutor.java:171) ~[cucumber-for-appian-23.4.jar:?]
	at org.openqa.selenium.remote.RemoteWebDriver.execute(RemoteWebDriver.java:518) ~[cucumber-for-appian-23.4.jar:?]
	at org.openqa.selenium.remote.ElementLocation$ElementFinder$2.findElement(ElementLocation.java:165) ~[cucumber-for-appian-23.4.jar:?]
	at org.openqa.selenium.remote.ElementLocation.findElement(ElementLocation.java:59) ~[cucumber-for-appian-23.4.jar:?]
	at org.openqa.selenium.remote.RemoteWebDriver.findElement(RemoteWebDriver.java:355) ~[cucumber-for-appian-23.4.jar:?]
	at org.openqa.selenium.remote.RemoteWebDriver.findElement(RemoteWebDriver.java:349) ~[cucumber-for-appian-23.4.jar:?]
	at org.openqa.selenium.support.ui.ExpectedConditions$6.apply(ExpectedConditions.java:171) ~[cucumber-for-appian-23.4.jar:?]
	at org.openqa.selenium.support.ui.ExpectedConditions$6.apply(ExpectedConditions.java:168) ~[cucumber-for-appian-23.4.jar:?]
	at org.openqa.selenium.support.ui.FluentWait.until(FluentWait.java:205) ~[cucumber-for-appian-23.4.jar:?]
	... 38 more
2023-11-24 13:13:44,316 [main] DEBUG com.appiancorp.ps.automatedtest.fixture.BaseFixture - browser=CHROME
2023-11-24 13:13:47,708 [main] DEBUG com.appiancorp.ps.automatedtest.common.FixtureMetrics - userid=9077768cb743038a6302fa2ce30e215ce1b8adbc3f9602c952eaee15cc6fb201, pipelineDimension=Standalone, testingFramework=FitNesse
2023-11-24 13:13:50,119 [main] DEBUG com.appiancorp.ps.automatedtest.tempo.TempoLogin - LOGIN [YexleQA]
2023-11-24 13:13:54,626 [main] DEBUG com.appiancorp.ps.automatedtest.tempo.TempoLogin - WAIT FOR LOGIN
2023-11-24 13:14:03,269 [main] DEBUG com.appiancorp.ps.automatedtest.tempo.interfaces.TempoButton - WAIT FOR BUTTON [NEW CASE]
2023-11-24 13:14:03,284 [main] DEBUG com.appiancorp.ps.automatedtest.tempo.interfaces.TempoButton - CLICK BUTTON [NEW CASE]
2023-11-24 13:14:07,623 [main] DEBUG com.appiancorp.ps.automatedtest.tempo.interfaces.TempoTextField - POPULATION [Example Text]
2023-11-24 13:14:08,514 [main] DEBUG com.appiancorp.ps.automatedtest.tempo.interfaces.TempoDateField - POPULATION [01/11/2000]
2023-11-24 13:14:20,328 [main] ERROR com.appiancorp.ps.automatedtest.exception.ExceptionBuilder - Wait for Field - quantity
org.openqa.selenium.TimeoutException: Expected condition failed: waiting for visibility of element located by By.xpath: //*[(self::label or self::span) and contains(@class, 'FieldLayout---field_label') and starts-with(translate(text(),'ABCDEFGHIJKLMNOPQRSTUVWXYZ','abcdefghijklmnopqrstuvwxyz'),'quantity')]/parent::div/parent::div (tried for 10 second(s) with 500 milliseconds interval)
Build info: version: '4.11.0', revision: '040bc5406b'
System info: os.name: 'Windows 10', os.arch: 'amd64', os.version: '10.0', java.version: '21'
Driver info: org.openqa.selenium.chrome.ChromeDriver
Capabilities {acceptInsecureCerts: false, browserName: chrome, browserVersion: 119.0.6045.160, chrome: {chromedriverVersion: 119.0.6045.105 (38c72552c5e..., userDataDir: C:\Users\USER\AppData\Local...}, fedcm:accounts: true, goog:chromeOptions: {debuggerAddress: localhost:55323}, networkConnectionEnabled: false, pageLoadStrategy: normal, platformName: windows, proxy: Proxy(), se:cdp: ws://localhost:55323/devtoo..., se:cdpVersion: 119.0.6045.160, setWindowRect: true, strictFileInteractability: false, timeouts: {implicit: 0, pageLoad: 300000, script: 30000}, unhandledPromptBehavior: dismiss and notify, webauthn:extension:credBlob: true, webauthn:extension:largeBlob: true, webauthn:extension:minPinLength: true, webauthn:extension:prf: true, webauthn:virtualAuthenticators: true}
Session ID: a5a1a327c6d986439e971eabdeb976ac
	at org.openqa.selenium.support.ui.WebDriverWait.timeoutException(WebDriverWait.java:84) ~[cucumber-for-appian-23.4.jar:?]
	at org.openqa.selenium.support.ui.FluentWait.until(FluentWait.java:230) ~[cucumber-for-appian-23.4.jar:?]
	at com.appiancorp.ps.automatedtest.tempo.interfaces.AbstractTempoField.waitFor(AbstractTempoField.java:74) ~[cucumber-for-appian-23.4.jar:?]
	at com.appiancorp.ps.automatedtest.fixture.TempoFixture.populateFieldWith(TempoFixture.java:1196) ~[cucumber-for-appian-23.4.jar:?]
	at com.appiancorp.ps.cucumber.fixtures.CucumberTempoFixture.populateFieldWith(CucumberTempoFixture.java:340) ~[cucumber-for-appian-23.4.jar:?]
	at jdk.internal.reflect.DirectMethodHandleAccessor.invoke(DirectMethodHandleAccessor.java:103) ~[?:?]
	at java.lang.reflect.Method.invoke(Method.java:580) ~[?:?]
	at io.cucumber.java.Invoker.doInvoke(Invoker.java:66) ~[cucumber-java-6.8.2.jar:6.8.2]
	at io.cucumber.java.Invoker.invoke(Invoker.java:24) ~[cucumber-java-6.8.2.jar:6.8.2]
	at io.cucumber.java.AbstractGlueDefinition.invokeMethod(AbstractGlueDefinition.java:47) ~[cucumber-java-6.8.2.jar:6.8.2]
	at io.cucumber.java.JavaStepDefinition.execute(JavaStepDefinition.java:29) ~[cucumber-java-6.8.2.jar:6.8.2]
	at io.cucumber.core.runner.CoreStepDefinition.execute(CoreStepDefinition.java:66) ~[cucumber-core-6.8.2.jar:6.8.2]
	at io.cucumber.core.runner.PickleStepDefinitionMatch.runStep(PickleStepDefinitionMatch.java:63) ~[cucumber-core-6.8.2.jar:6.8.2]
	at io.cucumber.core.runner.ExecutionMode$1.execute(ExecutionMode.java:10) ~[cucumber-core-6.8.2.jar:6.8.2]
	at io.cucumber.core.runner.TestStep.executeStep(TestStep.java:92) ~[cucumber-core-6.8.2.jar:6.8.2]
	at io.cucumber.core.runner.TestStep.run(TestStep.java:64) ~[cucumber-core-6.8.2.jar:6.8.2]
	at io.cucumber.core.runner.PickleStepTestStep.run(PickleStepTestStep.java:51) ~[cucumber-core-6.8.2.jar:6.8.2]
	at io.cucumber.core.runner.TestCase.run(TestCase.java:104) ~[cucumber-core-6.8.2.jar:6.8.2]
	at io.cucumber.core.runner.Runner.runPickle(Runner.java:71) ~[cucumber-core-6.8.2.jar:6.8.2]
	at io.cucumber.core.runtime.Runtime.lambda$execute$5(Runtime.java:110) ~[cucumber-core-6.8.2.jar:6.8.2]
	at io.cucumber.core.runtime.CucumberExecutionContext.runTestCase(CucumberExecutionContext.java:117) ~[cucumber-core-6.8.2.jar:6.8.2]
	at io.cucumber.core.runtime.Runtime.lambda$execute$6(Runtime.java:110) ~[cucumber-core-6.8.2.jar:6.8.2]
	at java.util.concurrent.Executors$RunnableAdapter.call(Executors.java:572) ~[?:?]
	at java.util.concurrent.FutureTask.run(FutureTask.java:317) ~[?:?]
	at io.cucumber.core.runtime.Runtime$SameThreadExecutorService.execute(Runtime.java:233) ~[cucumber-core-6.8.2.jar:6.8.2]
	at java.util.concurrent.AbstractExecutorService.submit(AbstractExecutorService.java:123) ~[?:?]
	at io.cucumber.core.runtime.Runtime.lambda$run$2(Runtime.java:86) ~[cucumber-core-6.8.2.jar:6.8.2]
	at java.util.stream.ReferencePipeline$3$1.accept(ReferencePipeline.java:197) [?:?]
	at java.util.stream.SliceOps$1$1.accept(SliceOps.java:200) [?:?]
	at java.util.ArrayList$ArrayListSpliterator.tryAdvance(ArrayList.java:1685) [?:?]
	at java.util.stream.ReferencePipeline.forEachWithCancel(ReferencePipeline.java:129) [?:?]
	at java.util.stream.AbstractPipeline.copyIntoWithCancel(AbstractPipeline.java:527) [?:?]
	at java.util.stream.AbstractPipeline.copyInto(AbstractPipeline.java:513) [?:?]
	at java.util.stream.AbstractPipeline.wrapAndCopyInto(AbstractPipeline.java:499) [?:?]
	at java.util.stream.ReduceOps$ReduceOp.evaluateSequential(ReduceOps.java:921) [?:?]
	at java.util.stream.AbstractPipeline.evaluate(AbstractPipeline.java:234) [?:?]
	at java.util.stream.ReferencePipeline.collect(ReferencePipeline.java:682) [?:?]
	at io.cucumber.core.runtime.Runtime.run(Runtime.java:87) [cucumber-core-6.8.2.jar:6.8.2]
	at io.cucumber.core.cli.Main.run(Main.java:92) [cucumber-core-6.8.2.jar:6.8.2]
	at io.cucumber.core.cli.Main.main(Main.java:34) [cucumber-core-6.8.2.jar:6.8.2]
2023-11-24 14:25:23,600 [main] DEBUG com.appiancorp.ps.automatedtest.fixture.BaseFixture - browser=CHROME
2023-11-24 14:25:27,754 [main] DEBUG com.appiancorp.ps.automatedtest.common.FixtureMetrics - userid=9077768cb743038a6302fa2ce30e215ce1b8adbc3f9602c952eaee15cc6fb201, pipelineDimension=Standalone, testingFramework=FitNesse
2023-11-24 14:25:28,572 [main] DEBUG com.appiancorp.ps.automatedtest.tempo.TempoLogin - LOGIN [YexleQA]
2023-11-24 14:25:32,043 [main] DEBUG com.appiancorp.ps.automatedtest.tempo.TempoLogin - WAIT FOR LOGIN
2023-11-24 14:25:40,389 [main] DEBUG com.appiancorp.ps.automatedtest.tempo.interfaces.TempoButton - WAIT FOR BUTTON [NEW CASE]
2023-11-24 14:25:40,406 [main] DEBUG com.appiancorp.ps.automatedtest.tempo.interfaces.TempoButton - CLICK BUTTON [NEW CASE]
2023-11-24 14:25:44,245 [main] DEBUG com.appiancorp.ps.automatedtest.tempo.interfaces.TempoTextField - POPULATION [Example Text]
2023-11-24 14:25:45,042 [main] DEBUG com.appiancorp.ps.automatedtest.tempo.interfaces.TempoDateField - POPULATION [01/11/2000]
2023-11-24 14:25:45,732 [main] DEBUG com.appiancorp.ps.automatedtest.tempo.interfaces.TempoDropdownSearchBox - WAIT FOR DROPDOWN SEARCH BOX [Dropdown]
2023-11-24 14:25:45,757 [main] DEBUG com.appiancorp.ps.automatedtest.tempo.interfaces.TempoDropdownSearchBox - SEARCH DROPDOWN [Dropdown] FOR [Option 5]
2023-11-24 14:25:48,175 [main] DEBUG com.appiancorp.ps.automatedtest.tempo.interfaces.TempoRadioFieldOption - WAIT FOR RADIO BUTTON OPTION CLICK : Option 1
2023-11-24 14:25:48,188 [main] DEBUG com.appiancorp.ps.automatedtest.tempo.interfaces.TempoRadioFieldOption - RADIO BUTTON OPTION CLICK : Option 1
2023-11-24 14:25:48,720 [main] DEBUG com.appiancorp.ps.automatedtest.tempo.interfaces.TempoButton - WAIT FOR BUTTON [Submit]
2023-11-24 14:25:48,737 [main] DEBUG com.appiancorp.ps.automatedtest.tempo.interfaces.TempoButton - CLICK BUTTON [Submit]
2023-11-24 17:01:55,752 [main] DEBUG com.appiancorp.ps.automatedtest.fixture.BaseFixture - browser=CHROME
2023-11-24 17:02:03,154 [main] DEBUG com.appiancorp.ps.automatedtest.common.FixtureMetrics - userid=9077768cb743038a6302fa2ce30e215ce1b8adbc3f9602c952eaee15cc6fb201, pipelineDimension=Standalone, testingFramework=FitNesse
2023-11-24 17:02:04,292 [main] DEBUG com.appiancorp.ps.automatedtest.tempo.TempoLogin - LOGIN [YexleQA]
2023-11-24 17:02:08,669 [main] DEBUG com.appiancorp.ps.automatedtest.tempo.TempoLogin - WAIT FOR LOGIN
2023-11-24 17:02:13,928 [main] DEBUG com.appiancorp.ps.automatedtest.tempo.interfaces.TempoButton - WAIT FOR BUTTON [NEW CASE]
2023-11-24 17:02:13,943 [main] DEBUG com.appiancorp.ps.automatedtest.tempo.interfaces.TempoButton - CLICK BUTTON [NEW CASE]
2023-11-24 17:02:14,943 [main] DEBUG com.appiancorp.ps.automatedtest.tempo.interfaces.TempoTextField - POPULATION [Example Text]
2023-11-24 17:02:15,748 [main] DEBUG com.appiancorp.ps.automatedtest.tempo.interfaces.TempoDateField - POPULATION [01/11/2000]
2023-11-24 17:02:17,022 [main] DEBUG com.appiancorp.ps.automatedtest.tempo.interfaces.TempoDropdownSearchBox - WAIT FOR DROPDOWN SEARCH BOX [Dropdown]
2023-11-24 17:02:17,046 [main] DEBUG com.appiancorp.ps.automatedtest.tempo.interfaces.TempoDropdownSearchBox - SEARCH DROPDOWN [Dropdown] FOR [Option 5]
2023-11-24 17:02:19,572 [main] DEBUG com.appiancorp.ps.automatedtest.tempo.interfaces.TempoRadioFieldOption - WAIT FOR RADIO BUTTON OPTION CLICK : Option 1
2023-11-24 17:02:19,611 [main] DEBUG com.appiancorp.ps.automatedtest.tempo.interfaces.TempoRadioFieldOption - RADIO BUTTON OPTION CLICK : Option 1
2023-11-24 17:02:20,122 [main] DEBUG com.appiancorp.ps.automatedtest.tempo.interfaces.TempoButton - WAIT FOR BUTTON [Submit]
2023-11-24 17:02:20,135 [main] DEBUG com.appiancorp.ps.automatedtest.tempo.interfaces.TempoButton - CLICK BUTTON [Submit]
2023-11-29 16:13:00,126 [main] DEBUG com.appiancorp.ps.automatedtest.fixture.BaseFixture - browser=CHROME
2023-11-29 16:13:10,732 [main] DEBUG com.appiancorp.ps.automatedtest.common.FixtureMetrics - userid=9077768cb743038a6302fa2ce30e215ce1b8adbc3f9602c952eaee15cc6fb201, pipelineDimension=Standalone, testingFramework=FitNesse
2023-11-29 16:13:11,998 [main] DEBUG com.appiancorp.ps.automatedtest.tempo.TempoLogin - LOGIN [YexleQA]
2023-11-29 16:13:16,392 [main] DEBUG com.appiancorp.ps.automatedtest.tempo.TempoLogin - WAIT FOR LOGIN
2023-11-29 16:13:21,627 [main] DEBUG com.appiancorp.ps.automatedtest.tempo.interfaces.TempoButton - WAIT FOR BUTTON [NEW CASE]
2023-11-29 16:13:21,644 [main] DEBUG com.appiancorp.ps.automatedtest.tempo.interfaces.TempoButton - CLICK BUTTON [NEW CASE]
2023-11-29 16:13:23,149 [main] DEBUG com.appiancorp.ps.automatedtest.tempo.interfaces.TempoTextField - POPULATION [Example Text]
2023-11-29 16:13:24,338 [main] DEBUG com.appiancorp.ps.automatedtest.tempo.interfaces.TempoDateField - POPULATION [01/11/2000]
2023-11-29 16:13:25,863 [main] DEBUG com.appiancorp.ps.automatedtest.tempo.interfaces.TempoDropdownSearchBox - WAIT FOR DROPDOWN SEARCH BOX [Dropdown]
2023-11-29 16:13:25,915 [main] DEBUG com.appiancorp.ps.automatedtest.tempo.interfaces.TempoDropdownSearchBox - SEARCH DROPDOWN [Dropdown] FOR [Option 5]
2023-11-29 16:13:28,762 [main] DEBUG com.appiancorp.ps.automatedtest.tempo.interfaces.TempoRadioFieldOption - WAIT FOR RADIO BUTTON OPTION CLICK : Option 1
2023-11-29 16:13:28,788 [main] DEBUG com.appiancorp.ps.automatedtest.tempo.interfaces.TempoRadioFieldOption - RADIO BUTTON OPTION CLICK : Option 1
2023-11-29 16:13:29,351 [main] DEBUG com.appiancorp.ps.automatedtest.tempo.interfaces.TempoButton - WAIT FOR BUTTON [Submit]
2023-11-29 16:13:29,370 [main] DEBUG com.appiancorp.ps.automatedtest.tempo.interfaces.TempoButton - CLICK BUTTON [Submit]
2023-11-29 16:26:05,575 [main] DEBUG com.appiancorp.ps.automatedtest.fixture.BaseFixture - browser=CHROME
2023-11-29 16:26:08,857 [main] DEBUG com.appiancorp.ps.automatedtest.common.FixtureMetrics - userid=9077768cb743038a6302fa2ce30e215ce1b8adbc3f9602c952eaee15cc6fb201, pipelineDimension=Standalone, testingFramework=FitNesse
2023-11-29 16:26:09,649 [main] DEBUG com.appiancorp.ps.automatedtest.tempo.TempoLogin - LOGIN [YexleQA]
2023-11-29 16:26:13,460 [main] DEBUG com.appiancorp.ps.automatedtest.tempo.TempoLogin - WAIT FOR LOGIN
2023-11-29 16:26:18,928 [main] DEBUG com.appiancorp.ps.automatedtest.tempo.interfaces.TempoButton - WAIT FOR BUTTON [NEW CASE]
2023-11-29 16:26:18,957 [main] DEBUG com.appiancorp.ps.automatedtest.tempo.interfaces.TempoButton - CLICK BUTTON [NEW CASE]
2023-11-29 16:26:19,964 [main] DEBUG com.appiancorp.ps.automatedtest.tempo.interfaces.TempoTextField - POPULATION [Example Text]
2023-11-29 16:26:20,871 [main] DEBUG com.appiancorp.ps.automatedtest.tempo.interfaces.TempoParagraphField - POPULATION [Lorem ipsum dolor sit amet, consectetuer adipiscing elit. Aenean commodo ligula eget dolor. Aenean massa. Cum sociis natoque penatibus et magnis dis parturient montes, nascetur ridiculus mus. Donec quam felis, ultricies nec, pellentesque eu, pretium quis,]
2023-11-29 16:26:24,077 [main] DEBUG com.appiancorp.ps.automatedtest.tempo.interfaces.TempoDateField - POPULATION [01/11/2000]
2023-11-29 16:26:24,992 [main] DEBUG com.appiancorp.ps.automatedtest.tempo.interfaces.TempoDropdownSearchBox - WAIT FOR DROPDOWN SEARCH BOX [Dropdown]
2023-11-29 16:26:25,034 [main] DEBUG com.appiancorp.ps.automatedtest.tempo.interfaces.TempoDropdownSearchBox - SEARCH DROPDOWN [Dropdown] FOR [Option 5]
2023-11-29 16:26:27,970 [main] DEBUG com.appiancorp.ps.automatedtest.tempo.interfaces.TempoRadioFieldOption - WAIT FOR RADIO BUTTON OPTION CLICK : Option 1
2023-11-29 16:26:28,001 [main] DEBUG com.appiancorp.ps.automatedtest.tempo.interfaces.TempoRadioFieldOption - RADIO BUTTON OPTION CLICK : Option 1
2023-11-29 16:26:28,567 [main] DEBUG com.appiancorp.ps.automatedtest.tempo.interfaces.TempoButton - WAIT FOR BUTTON [Submit]
2023-11-29 16:26:28,593 [main] DEBUG com.appiancorp.ps.automatedtest.tempo.interfaces.TempoButton - CLICK BUTTON [Submit]
2023-11-29 16:27:14,369 [main] DEBUG com.appiancorp.ps.automatedtest.fixture.BaseFixture - browser=CHROME
2023-11-29 16:27:17,321 [main] DEBUG com.appiancorp.ps.automatedtest.common.FixtureMetrics - userid=9077768cb743038a6302fa2ce30e215ce1b8adbc3f9602c952eaee15cc6fb201, pipelineDimension=Standalone, testingFramework=FitNesse
2023-11-29 16:27:18,128 [main] DEBUG com.appiancorp.ps.automatedtest.tempo.TempoLogin - LOGIN [YexleQA]
2023-11-29 16:27:21,641 [main] DEBUG com.appiancorp.ps.automatedtest.tempo.TempoLogin - WAIT FOR LOGIN
2023-11-29 16:27:26,935 [main] DEBUG com.appiancorp.ps.automatedtest.tempo.interfaces.TempoButton - WAIT FOR BUTTON [NEW CASE]
2023-11-29 16:27:26,968 [main] DEBUG com.appiancorp.ps.automatedtest.tempo.interfaces.TempoButton - CLICK BUTTON [NEW CASE]
2023-11-29 16:27:28,418 [main] DEBUG com.appiancorp.ps.automatedtest.tempo.interfaces.TempoTextField - POPULATION [Example Text]
2023-11-29 16:27:29,835 [main] DEBUG com.appiancorp.ps.automatedtest.tempo.interfaces.TempoParagraphField - POPULATION [Lorem ipsum dolor sit amet, consectetuer adipiscing elit. Aenean commodo ligula eget dolor. Aenean massa. Cum sociis natoque penatibus et magnis dis parturient montes, nascetur ridiculus mus. Donec quam felis, ultricies nec, pellentesque eu, pretium quis, sem. Nulla consequat massa quis enim. Donec pede justo, fringilla vel, aliquet nec, vulputate eget, arcu. In enim justo, rhoncus ut, imperdiet a, venenatis vitae, justo. Nullam dictum felis eu pede mollis pretium. Integer tincidunt. Cras dapibus. Vivamus elementum semper nisi. Aenean vulputate eleifend tellus. Aenean leo ligula, porttitor eu, consequat vitae, eleifend ac, enim. Aliquam lorem ante, dapibus in, viverra quis, feugiat a, tellus. Phasellus viverra nulla ut metus varius laoreet. Quisque rutrum. Aenean imperdiet. Etiam ultricies nisi vel augue. Curabitur ullamcorper ultricies nisi. Nam eget dui. Etiam rhoncus. Maecenas tempus, tellus eget condimentum rhoncus, sem quam semper libero, sit amet adipiscing sem neque sed ipsum. Nam quam nunc, blandit vel, luctus pulvinar, hendrerit id, lorem. Maecenas nec odio et ante tincidunt tempus. Donec vitae sapien ut libero venenatis faucibus. Nullam quis ante. Etiam sit amet orci eget eros faucibus tincidunt. Duis leo. Sed fringilla mauris sit amet nibh. Donec sodales sagittis magna. Sed consequat, leo eget bibendum sodales, augue velit cursus nunc, quis gravida magna mi a libero. Fusce vulputate eleifend sapien. Vestibulum purus quam, scelerisque ut, mollis sed, nonummy id, metus. Nullam accumsan lorem in dui. Cras ultricies mi eu turpis hendrerit fringilla. Vestibulum ante ipsum primis in faucibus orci luctus et ultrices posuere cubilia Curae; In ac dui quis mi consectetuer lacinia. Nam pretium turpis et arcu. Duis arcu tortor, suscipit eget, imperdiet nec, imperdiet iaculis, ipsum. Sed aliquam ultrices mauris. Integer ante arcu, accumsan a, consectetuer eget, posuere ut, mauris. Praesent adipiscing. Phasellus ullamcorper ipsum rutrum nunc. Nunc nonummy metus. Vestibulum volutpat pretium libero. Cras id dui. Aenean ut eros et nisl sagittis vestibulum. Nullam nulla eros, ultricies sit amet, nonummy id, imperdiet feugiat, pede. Sed lectus. Donec mollis hendrerit risus. Phasellus nec sem in justo pellentesque facilisis. Etiam imperdiet imperdiet orci. Nunc nec neque. Phasellus leo dolor, tempus non, auctor et, hendrerit quis, nisi. Curabitur ligula sapien, tincidunt non, euismod vitae, posuere imperdiet, leo. Maecenas malesuada. Praesent congue erat at massa. Sed cursus turpis vitae tortor. Donec posuere vulputate arcu. Phasellus accumsan cursus velit. Vestibulum ante ipsum primis in faucibus orci luctus et ultrices posuere cubilia Curae; Sed aliquam, nisi quis porttitor congue, elit erat euismod orci, ac placerat dolor lectus quis orci. Phasellus consectetuer vestibulum elit. Aenean tellus metus, bibendum sed, posuere ac, mattis non, nunc. Vestibulum fringilla pede sit amet augue. In turpis. Pellentesque posuere. Praesent turpis. Aenean posuere, tortor sed cursus feugiat, nunc augue blandit nunc, eu sollicitudin urna dolor sagittis lacus. Donec elit libero, sodales nec, volutpat a, suscipit non, turpis. Nullam sagittis. Suspendisse pulvinar, augue ac venenatis condimentum, sem libero volutpat nibh, nec pellentesque velit pede quis nunc. Vestibulum ante ipsum primis in faucibus orci luctus et ultrices posuere cubilia Curae; Fusce id purus. Ut varius tincidunt libero. Phasellus dolor. Maecenas vestibulum mollis diam. Pellentesque ut neque. Pellentesque habitant morbi tristique senectus et netus et malesuada fames ac turpis egestas. In dui magna, posuere eget, vestibulum et, tempor auctor, justo. In ac felis quis tortor malesuada pretium. Pellentesque auctor neque nec urna. Proin sapien ipsum, porta a, auctor quis, euismod ut, mi. Aenean viverra rhoncus pede. Pellentesque habitant morbi tristique senectus et netus et malesuada fames ac turpis egestas. Ut non enim eleifend felis pretium feugiat. Vivamus quis mi. Phasellus a est. Phas]
2023-11-29 16:27:50,908 [main] DEBUG com.appiancorp.ps.automatedtest.tempo.interfaces.TempoDateField - POPULATION [01/11/2000]
2023-11-29 16:27:52,611 [main] DEBUG com.appiancorp.ps.automatedtest.tempo.interfaces.TempoDropdownSearchBox - WAIT FOR DROPDOWN SEARCH BOX [Dropdown]
2023-11-29 16:27:52,666 [main] DEBUG com.appiancorp.ps.automatedtest.tempo.interfaces.TempoDropdownSearchBox - SEARCH DROPDOWN [Dropdown] FOR [Option 5]
2023-11-29 16:27:55,734 [main] DEBUG com.appiancorp.ps.automatedtest.tempo.interfaces.TempoRadioFieldOption - WAIT FOR RADIO BUTTON OPTION CLICK : Option 1
2023-11-29 16:27:55,769 [main] DEBUG com.appiancorp.ps.automatedtest.tempo.interfaces.TempoRadioFieldOption - RADIO BUTTON OPTION CLICK : Option 1
2023-11-29 16:27:56,373 [main] DEBUG com.appiancorp.ps.automatedtest.tempo.interfaces.TempoButton - WAIT FOR BUTTON [Submit]
2023-11-29 16:27:56,399 [main] DEBUG com.appiancorp.ps.automatedtest.tempo.interfaces.TempoButton - CLICK BUTTON [Submit]
2023-11-29 16:28:35,767 [main] DEBUG com.appiancorp.ps.automatedtest.fixture.BaseFixture - browser=CHROME
2023-11-29 16:28:39,373 [main] DEBUG com.appiancorp.ps.automatedtest.common.FixtureMetrics - userid=9077768cb743038a6302fa2ce30e215ce1b8adbc3f9602c952eaee15cc6fb201, pipelineDimension=Standalone, testingFramework=FitNesse
2023-11-29 16:28:40,272 [main] DEBUG com.appiancorp.ps.automatedtest.tempo.TempoLogin - LOGIN [YexleQA]
2023-11-29 16:28:43,682 [main] DEBUG com.appiancorp.ps.automatedtest.tempo.TempoLogin - WAIT FOR LOGIN
2023-11-29 16:28:48,935 [main] DEBUG com.appiancorp.ps.automatedtest.tempo.interfaces.TempoButton - WAIT FOR BUTTON [NEW CASE]
2023-11-29 16:28:48,968 [main] DEBUG com.appiancorp.ps.automatedtest.tempo.interfaces.TempoButton - CLICK BUTTON [NEW CASE]
2023-11-29 16:28:50,352 [main] DEBUG com.appiancorp.ps.automatedtest.tempo.interfaces.TempoTextField - POPULATION [Example Text]
2023-11-29 16:28:51,256 [main] DEBUG com.appiancorp.ps.automatedtest.tempo.interfaces.TempoParagraphField - POPULATION [Lorem ipsum dolor sit amet, consectetuer adipiscing elit. Aenean commodo ligula eget dolor. Aenean massa. Cum sociis natoque penatibus et magnis dis parturient montes, nascetur ridiculus mus. Donec quam felis, ultricies nec, pellentesque eu, pretium quis, sem. Nulla consequat massa quis enim. Donec pede justo, fringilla vel, aliquet nec, vulputate eget, arcu. In enim justo, rhoncus ut, imperdiet a, venenatis vitae, justo. Nullam dictum felis eu pede mollis pretium. Integer tincidunt. Cras dapibus. Vivamus elementum semper nisi. Aenean vulputate eleifend tellus. Aenean leo ligula, porttitor eu, consequat vitae, eleifend ac, enim. Aliquam lorem ante, dapibus in, viverra quis, feugiat a, tellus. Phasellus viverra nulla ut metus varius laoreet. Quisque rutrum. Aenean imperdiet. Etiam ultricies nisi vel augue. Curabitur ullamcorper ultricies nisi. Nam eget dui. Etiam rhoncus. Maecenas tempus, tellus eget condimentum rhoncus, sem quam semper libero, sit amet adipiscing sem neque sed ipsum. Nam quam nunc, blandit vel, luctus pulvinar, hendrerit id, lorem. Maecenas nec odio et ante tincidunt tempus. Donec vitae sapien ut libero venenatis faucibus. Nullam quis ante. Etiam sit amet orci eget eros faucibus tincidunt. Duis leo. Sed fringilla mauris sit amet nibh. Donec sodales sagittis magna. Sed consequat, leo eget bibendum sodales, augue velit cursus nunc, quis gravida magna mi a libero. Fusce vulputate eleifend sapien. Vestibulum purus quam, scelerisque ut, mollis sed, nonummy id, metus. Nullam accumsan lorem in dui. Cras ultricies mi eu turpis hendrerit fringilla. Vestibulum ante ipsum primis in faucibus orci luctus et ultrices posuere cubilia Curae; In ac dui quis mi consectetuer lacinia. Nam pretium turpis et arcu. Duis arcu tortor, suscipit eget, imperdiet nec, imperdiet iaculis, ipsum. Sed aliquam ultrices mauris. Integer ante arcu, accumsan a, consectetuer eget, posuere ut, mauris. Praesent adipiscing. Phasellus ullamcorper ipsum rutrum nunc. Nunc nonummy metus. Vestibulum volutpat pretium libero. Cras id dui. Aenean ut eros et nisl sagittis vestibulum. Nullam nulla eros, ultricies sit amet, nonummy id, imperdiet feugiat, pede. Sed lectus. Donec mollis hendrerit risus. Phasellus nec sem in justo pellentesque facilisis. Etiam imperdiet imperdiet orci. Nunc nec neque. Phasellus leo dolor, tempus non, auctor et, hendrerit quis, nisi. Curabitur ligula sapien, tincidunt non, euismod vitae, posuere imperdiet, leo. Maecenas malesuada. Praesent congue erat at massa. Sed cursus turpis vitae tortor. Donec posuere vulputate arcu. Phasellus accumsan cursus velit. Vestibulum ante ipsum primis in faucibus orci luctus et ultrices posuere cubilia Curae; Sed aliquam, nisi quis porttitor congue, elit erat euismod orci, ac placerat dolor lectus quis orci. Phasellus consectetuer vestibulum elit. Aenean tellus metus, bibendum sed, posuere ac, mattis non, nunc. Vestibulum fringilla pede sit amet augue. In turpis. Pellentesque posuere. Praesent turpis. Aenean posuere, tortor sed cursus feugiat, nunc augue blandit nunc, eu sollicitudin urna dolor sagittis lacus. Donec elit libero, sodales nec, volutpat a, suscipit non, turpis. Nullam sagittis. Suspendisse pulvinar, augue ac venenatis condimentum, sem libero volutpat nibh, nec pellentesque velit pede quis nunc. Vestibulum ante ipsum primis in faucibus orci luctus et ultrices posuere cubilia Curae; Fusce id purus. Ut varius tincidunt libero. Phasellus dolor. Maecenas vestibulum mollis diam. Pellentesque ut neque. Pellentesque habitant morbi tristique senectus et netus et malesuada fames ac turpis egestas. In dui magna, posuere eget, vestibulum et, tempor auctor, justo. In ac felis quis tortor malesuada pretium. Pellentesque auctor neque nec urna. Proin sapien ipsum, porta a, auctor quis, euismod ut, mi. Aenean viverra rhoncus pede. Pellentesque habitant morbi tristique senectus et netus et malesuada fames ac turpis egestas. Ut non enim eleifend felis pretium feugiat. Vivamus quis mi. Phasellus a est. Phasellus magna. In hac habitasse platea dictumst. Curabitur at lacus ac velit ornare lobortis. Curabitur a felis in nunc fringilla tristique. Morbi mattis ullamcorper velit. Phasellus gravida semper nisi. Nullam vel sem. Pellentesque libero tortor, tincidunt et, tincidunt eget, semper nec, quam. Sed hendrerit. Morbi ac felis. Nunc egestas, augue at pellentesque laoreet, felis eros vehicula leo, at malesuada velit leo quis pede. Donec interdum, metus et hendrerit aliquet, dolor diam sagittis ligula, eget egestas libero turpis vel mi. Nunc nulla. Fusce risus nisl, viverra et, tempor et, pretium in, sapien. Donec venenatis vulputate lorem. Morbi nec metus. Phasellus blandit leo ut odio. Maecenas ullamcorper, dui et placerat feugiat, eros pede varius nisi, condimentum viverra felis nunc et lorem. Sed magna purus, fermentum eu, tincidunt eu, varius ut, felis. In auctor lobortis lacus. Quisque libero metus, condimentum nec, tempor a, commodo mollis, magna. Vestibulum ullamcorper mauris at ligula. Fusce fermentum. Nullam cursus lacinia erat. Praesent blandit laoreet nibh. Fusce convallis metus id felis luctus adipiscing. Pellentesque egestas, neque sit amet convallis pulvinar, justo nulla eleifend augue, ac auctor orci leo non est. Quisque id mi. Ut tincidunt tincidunt erat. Etiam feugiat lorem non metus. Vestibulum dapibus nunc ac augue. Curabitur vestibulum aliquam leo. Praesent egestas neque eu enim. In hac habitasse platea dictumst. Fusce a quam. Etiam ut purus mattis mauris sodales aliquam. Curabitur nisi. Quisque malesuada placerat nisl. Nam ipsum risus, rutrum vitae, vestibulum eu, molestie vel, lacus. Sed augue ipsum, egestas nec, vestibulum et, malesuada adipiscing, dui. Vestibulum facilisis, purus nec pulvinar iaculis, ligula mi congue nunc, vitae euismod ligula urna in dolor. Mauris sollicitudin fermentum libero. Praesent nonummy mi in odio. Nunc interdum lacus sit amet orci. Vestibulum rutrum, mi nec elementum vehicula, eros quam gravida nisl, id fringilla neque ante vel mi. Morbi mollis tellus ac sapien. Phasellus volutpat, metus eget egestas mollis, lacus lacus blandit dui, id egestas quam mauris ut lacus. Fusce vel dui. Sed in libero ut nibh placerat accumsan. Proin faucibus arcu quis ante. In consectetuer turpis ut velit. Nulla sit amet est. Praesent metus tellus, elementum eu, semper a, adipiscing nec, purus. Cras risus ipsum, faucibus ut, ullamcorper id, varius ac, leo. Suspendisse feugiat. Suspendisse enim turpis, dictum sed, iaculis a, condimentum nec, nisi. Praesent nec nisl a purus blandit viverra. Praesent ac massa at ligula laoreet iaculis. Nulla neque dolor, sagittis eget, iaculis quis, molestie non, velit. Mauris turpis nunc, blandit et, volutpat molestie, porta ut, ligula. Fusce pharetra convallis urna. Quisque ut nisi. Donec mi odio, faucibus at, scelerisque quis, convallis in, nisi. Suspendisse non nisl sit amet velit hendrerit rutrum. Ut leo. Ut a nisl id ante tempus hendrerit. Proin pretium, leo ac pellentesque mollis, felis nunc ultrices eros, sed gravida augue augue mollis justo. Suspendisse eu ligula. Nulla facilisi. Donec id justo. Praesent porttitor, nulla vitae posuere iaculis, arcu nisl dignissim dolor, a pretium mi sem ut ipsum. Curabitur suscipit suscipit tellus. Praesent vestibulum dapibus nibh. Etiam iaculis nunc ac metus. Ut id nisl quis enim dignissim sagittis. Etiam sollicitudin, ipsum eu pulvinar rutrum, tellus ipsum laoreet sapien, quis venenatis ante odio sit amet eros. Proin magna. Duis vel nibh at]
2023-11-29 16:29:36,181 [main] DEBUG com.appiancorp.ps.automatedtest.tempo.interfaces.TempoDateField - POPULATION [01/11/2000]
2023-11-29 16:29:37,526 [main] DEBUG com.appiancorp.ps.automatedtest.tempo.interfaces.TempoDropdownSearchBox - WAIT FOR DROPDOWN SEARCH BOX [Dropdown]
2023-11-29 16:29:37,589 [main] DEBUG com.appiancorp.ps.automatedtest.tempo.interfaces.TempoDropdownSearchBox - SEARCH DROPDOWN [Dropdown] FOR [Option 5]
2023-11-29 16:29:40,740 [main] DEBUG com.appiancorp.ps.automatedtest.tempo.interfaces.TempoRadioFieldOption - WAIT FOR RADIO BUTTON OPTION CLICK : Option 1
2023-11-29 16:29:40,774 [main] DEBUG com.appiancorp.ps.automatedtest.tempo.interfaces.TempoRadioFieldOption - RADIO BUTTON OPTION CLICK : Option 1
2023-11-29 16:29:41,394 [main] DEBUG com.appiancorp.ps.automatedtest.tempo.interfaces.TempoButton - WAIT FOR BUTTON [Submit]
2023-11-29 16:29:41,412 [main] DEBUG com.appiancorp.ps.automatedtest.tempo.interfaces.TempoButton - CLICK BUTTON [Submit]
2023-11-29 16:30:27,805 [main] DEBUG com.appiancorp.ps.automatedtest.fixture.BaseFixture - browser=CHROME
2023-11-29 16:30:32,199 [main] DEBUG com.appiancorp.ps.automatedtest.common.FixtureMetrics - userid=9077768cb743038a6302fa2ce30e215ce1b8adbc3f9602c952eaee15cc6fb201, pipelineDimension=Standalone, testingFramework=FitNesse
2023-11-29 16:30:33,188 [main] DEBUG com.appiancorp.ps.automatedtest.tempo.TempoLogin - LOGIN [YexleQA]
2023-11-29 16:30:37,152 [main] DEBUG com.appiancorp.ps.automatedtest.tempo.TempoLogin - WAIT FOR LOGIN
2023-11-29 16:30:42,657 [main] DEBUG com.appiancorp.ps.automatedtest.tempo.interfaces.TempoButton - WAIT FOR BUTTON [NEW CASE]
2023-11-29 16:30:42,687 [main] DEBUG com.appiancorp.ps.automatedtest.tempo.interfaces.TempoButton - CLICK BUTTON [NEW CASE]
2023-11-29 16:30:43,742 [main] DEBUG com.appiancorp.ps.automatedtest.tempo.interfaces.TempoTextField - POPULATION [Example Text]
2023-11-29 16:30:44,647 [main] DEBUG com.appiancorp.ps.automatedtest.tempo.interfaces.TempoParagraphField - POPULATION [Lorem ipsum dolor sit amet, consectetuer adipiscing elit. Aenean commodo ligula eget dolor. Aenean massa. Cum sociis natoque penatibus et magnis dis parturient montes, nascetur ridiculus mus. Donec quam felis, ultricies nec, pellentesque eu, pretium quis, sem. Nulla consequat massa quis enim. Donec pede justo, fringilla vel, aliquet nec, vulputate eget, arcu. In enim justo, rhoncus ut, imperdiet a, venenatis vitae, justo. Nullam dictum felis eu pede mollis pretium. Integer tincidunt. Cras dapibus. Vivamus elementum semper nisi. Aenean vulputate eleifend tellus. Aenean leo ligula, porttitor eu, consequat vitae, eleifend ac, enim. Aliquam lorem ante, dapibus in, viverra quis, feugiat a, tellus. Phasellus viverra nulla ut metus varius laoreet. Quisque rutrum. Aenean imperdiet. Etiam ultricies nisi vel augue. Curabitur ullamcorper ultricies nisi. Nam eget dui. Etiam rhoncus. Maecenas tempus, tellus eget condimentum rhoncus, sem quam semper libero, sit amet adipiscing sem neque sed ipsum. Nam quam nunc, blandit vel, luctus pulvinar, hendrerit id, lorem. Maecenas nec odio et ante tincidunt tempus. Donec vitae sapien ut libero venenatis faucibus. Nullam quis ante. Etiam sit amet orci eget eros faucibus tincidunt. Duis leo. Sed fringilla mauris sit amet nibh. Donec sodales sagittis magna. Sed consequat, leo eget bibendum sodales, augue velit cursus nunc, quis gravida magna mi a libero. Fusce vulputate eleifend sapien. Vestibulum purus quam, scelerisque ut, mollis sed, nonummy id, metus. Nullam accumsan lorem in dui. Cras ultricies mi eu turpis hendrerit fringilla. Vestibulum ante ipsum primis in faucibus orci luctus et ultrices posuere cubilia Curae; In ac dui quis mi consectetuer lacinia. Nam pretium turpis et arcu. Duis arcu tortor, suscipit eget, imperdiet nec, imperdiet iaculis, ipsum. Sed aliquam ultrices mauris. Integer ante arcu, accumsan a, consectetuer eget, posuere ut, mauris. Praesent adipiscing. Phasellus ullamcorper ipsum rutrum nunc. Nunc nonummy metus. Vestibulum volutpat pretium libero. Cras id dui. Aenean ut eros et nisl sagittis vestibulum. Nullam nulla eros, ultricies sit amet, nonummy id, imperdiet feugiat, pede. Sed lectus. Donec mollis hendrerit risus. Phasellus nec sem in justo pellentesque facilisis. Etiam imperdiet imperdiet orci. Nunc nec neque. Phasellus leo dolor, tempus non, auctor et, hendrerit quis, nisi. Curabitur ligula sapien, tincidunt non, euismod vitae, posuere imperdiet, leo. Maecenas malesuada. Praesent congue erat at massa. Sed cursus turpis vitae tortor. Donec posuere vulputate arcu. Phasellus accumsan cursus velit. Vestibulum ante ipsum primis in faucibus orci luctus et ultrices posuere cubilia Curae; Sed aliquam, nisi quis porttitor congue, elit erat euismod orci, ac placerat dolor lectus quis orci. Phasellus consectetuer vestibulum elit. Aenean tellus metus, bibendum sed, posuere ac, mattis non, nunc. Vestibulum fringilla pede sit amet augue. In turpis. Pellentesque posuere. Praesent turpis. Aenean posuere, tortor sed cursus feugiat, nunc augue blandit nunc, eu sollicitudin urna dolor sagittis lacus. Donec elit libero, sodales nec, volutpat a, suscipit non, turpis. Nullam sagittis. Suspendisse pulvinar, augue ac venenatis condimentum, sem libero volutpat nibh, nec pellentesque velit pede quis nunc. Vestibulum ante ipsum primis in faucibus orci luctus et ultrices posuere cubilia Curae; Fusce id purus. Ut varius tincidunt libero. Phasellus dolor. Maecenas vestibulum mollis diam. Pellentesque ut neque. Pellentesque habitant morbi tristique senectus et netus et malesuada fames ac turpis egestas. In dui magna, posuere eget, vestibulum et, tempor auctor, justo. In ac felis quis tortor malesuada pretium. Pellentesque auctor neque nec urna. Proin sapien ipsum, porta a, auctor quis, euismod ut, mi. Aenean viverra rhoncus pede. Pellentesque habitant morbi tristique senectus et netus et malesuada fames ac turpis egestas. Ut non enim eleifend felis pretium feugiat. Vivamus quis mi. Phasellus a est. Phasellus magna. In hac habitasse platea dictumst. Curabitur at lacus ac velit ornare lobortis. Curabitur a felis in nunc fringilla tristique. Morbi mattis ullamcorper velit. Phasellus gravida semper nisi. Nullam vel sem. Pellentesque libero tortor, tincidunt et, tincidunt eget, semper nec, quam. Sed hendrerit. Morbi ac felis. Nunc egestas, augue at pellentesque laoreet, felis eros vehicula leo, at malesuada velit leo quis pede. Donec interdum, metus et hendrerit aliquet, dolor diam sagittis ligula, eget egestas libero turpis vel mi. Nunc nulla. Fusce risus nisl, viverra et, tempor et, pretium in, sapien. Donec venenatis vulputate lorem. Morbi nec metus. Phasellus blandit leo ut odio. Maecenas ullamcorper, dui et placerat feugiat, eros pede varius nisi, condimentum viverra felis nunc et lorem. Sed magna purus, fermentum eu, tincidunt eu, varius ut, felis. In auctor lobortis lacus. Quisque libero metus, condimentum nec, tempor a, commodo mollis, magna. Vestibulum ullamcorper mauris at ligula. Fusce fermentum. Nullam cursus lacinia erat. Praesent blandit laoreet nibh. Fusce convallis metus id felis luctus adipiscing. Pellentesque egestas, neque sit amet convallis pulvinar, justo nulla eleifend augue, ac auctor orci leo non est. Quisque id mi. Ut tincidunt tincidunt erat. Etiam feugiat lorem non metus. Vestibulum dapibus nunc ac augue. Curabitur vestibulum aliquam leo. Praesent egestas neque eu enim. In hac habitasse platea dictumst. Fusce a quam. Etiam ut purus mattis mauris sodales aliquam. Curabitur nisi. Quisque malesuada placerat nisl. Nam ipsum risus, rutrum vitae, vestibulum eu, molestie vel, lacus. Sed augue ipsum, egestas nec, vestibulum et, malesuada adipiscing, dui. Vestibulum facilisis, purus nec pulvinar iaculis, ligula mi congue nunc, vitae euismod ligula urna in dolor. Mauris sollicitudin fermentum libero. Praesent nonummy mi in odio. Nunc interdum lacus sit amet orci. Vestibulum rutrum, mi nec elementum vehicula, eros quam gravida nisl, id fringilla neque ante vel mi. Morbi mollis tellus ac sapien. Phasellus volutpat, metus eget egestas mollis, lacus lacus blandit dui, id egestas quam mauris ut lacus. Fusce vel dui. Sed in libero ut nibh placerat accumsan. Proin faucibus arcu quis ante. In consectetuer turpis ut velit. Nulla sit amet est. Praesent metus tellus, elementum eu, semper a, adipiscing nec, purus. Cras risus ipsum, faucibus ut, ullamcorper id, varius ac, leo. Suspendisse feugiat. Suspendisse enim turpis, dictum sed, iaculis a, condimentum nec, nisi. Praesent nec nisl a purus blandit viverra. Praesent ac massa at ligula laoreet iaculis. Nulla neque dolor, sagittis eget, iaculis quis, molestie non, velit. Mauris turpis nunc, blandit et, volutpat molestie, porta ut, ligula. Fusce pharetra convallis urna. Quisque ut nisi. Donec mi odio, faucibus at, scelerisque quis, convallis in, nisi. Suspendisse non nisl sit amet velit hendrerit rutrum. Ut leo. Ut a nisl id ante tempus hendrerit. Proin pretium, leo ac pellentesque mollis, felis nunc ultrices eros, sed gravida augue augue mollis justo. Suspendisse eu ligula. Nulla facilisi. Donec id justo. Praesent porttitor, nulla vitae posuere iaculis, arcu nisl dignissim dolor, a pretium mi sem ut ipsum. Curabitur suscipit suscipit tellus. Praesent vestibulum dapibus nibh. Etiam iaculis nunc ac metus. Ut id nisl quis enim dignissim sagittis. Etiam sollicitudin, ipsum eu pulvinar rutrum, tellus ipsum laoreet sapien, quis venenatis ante odio sit amet eros. Proin magna. Duis vel nibh at]
2023-11-29 16:31:18,580 [main] DEBUG com.appiancorp.ps.automatedtest.tempo.interfaces.TempoDateField - POPULATION [2000]
2023-11-29 16:31:18,595 [main] ERROR com.appiancorp.ps.automatedtest.exception.ExceptionBuilder - Populate Field - Date - 2000
java.text.ParseException: Unable to parse the date: 2000
	at org.apache.commons.lang3.time.DateUtils.parseDateWithLeniency(DateUtils.java:388) ~[cucumber-for-appian-23.4.jar:?]
	at org.apache.commons.lang3.time.DateUtils.parseDateStrictly(DateUtils.java:344) ~[cucumber-for-appian-23.4.jar:?]
	at org.apache.commons.lang3.time.DateUtils.parseDateStrictly(DateUtils.java:322) ~[cucumber-for-appian-23.4.jar:?]
	at com.appiancorp.ps.automatedtest.common.AppianObject.parseDate(AppianObject.java:212) ~[cucumber-for-appian-23.4.jar:?]
	at com.appiancorp.ps.automatedtest.tempo.interfaces.TempoDateField.populate(TempoDateField.java:56) ~[cucumber-for-appian-23.4.jar:?]
	at com.appiancorp.ps.automatedtest.tempo.interfaces.TempoFieldFactory.populate(TempoFieldFactory.java:89) ~[cucumber-for-appian-23.4.jar:?]
	at com.appiancorp.ps.automatedtest.tempo.interfaces.TempoFieldFactory.populateMultiple(TempoFieldFactory.java:56) ~[cucumber-for-appian-23.4.jar:?]
	at com.appiancorp.ps.automatedtest.tempo.interfaces.TempoFieldFactory.populateMultiple(TempoFieldFactory.java:43) ~[cucumber-for-appian-23.4.jar:?]
	at com.appiancorp.ps.automatedtest.fixture.TempoFixture.populateFieldWith(TempoFixture.java:1197) ~[cucumber-for-appian-23.4.jar:?]
	at com.appiancorp.ps.cucumber.fixtures.CucumberTempoFixture.populateFieldWith(CucumberTempoFixture.java:340) ~[cucumber-for-appian-23.4.jar:?]
	at jdk.internal.reflect.DirectMethodHandleAccessor.invoke(DirectMethodHandleAccessor.java:103) ~[?:?]
	at java.lang.reflect.Method.invoke(Method.java:580) ~[?:?]
	at io.cucumber.java.Invoker.doInvoke(Invoker.java:66) ~[cucumber-java-6.8.2.jar:6.8.2]
	at io.cucumber.java.Invoker.invoke(Invoker.java:24) ~[cucumber-java-6.8.2.jar:6.8.2]
	at io.cucumber.java.AbstractGlueDefinition.invokeMethod(AbstractGlueDefinition.java:47) ~[cucumber-java-6.8.2.jar:6.8.2]
	at io.cucumber.java.JavaStepDefinition.execute(JavaStepDefinition.java:29) ~[cucumber-java-6.8.2.jar:6.8.2]
	at io.cucumber.core.runner.CoreStepDefinition.execute(CoreStepDefinition.java:66) ~[cucumber-core-6.8.2.jar:6.8.2]
	at io.cucumber.core.runner.PickleStepDefinitionMatch.runStep(PickleStepDefinitionMatch.java:63) ~[cucumber-core-6.8.2.jar:6.8.2]
	at io.cucumber.core.runner.ExecutionMode$1.execute(ExecutionMode.java:10) ~[cucumber-core-6.8.2.jar:6.8.2]
	at io.cucumber.core.runner.TestStep.executeStep(TestStep.java:92) ~[cucumber-core-6.8.2.jar:6.8.2]
	at io.cucumber.core.runner.TestStep.run(TestStep.java:64) ~[cucumber-core-6.8.2.jar:6.8.2]
	at io.cucumber.core.runner.PickleStepTestStep.run(PickleStepTestStep.java:51) ~[cucumber-core-6.8.2.jar:6.8.2]
	at io.cucumber.core.runner.TestCase.run(TestCase.java:104) ~[cucumber-core-6.8.2.jar:6.8.2]
	at io.cucumber.core.runner.Runner.runPickle(Runner.java:71) ~[cucumber-core-6.8.2.jar:6.8.2]
	at io.cucumber.core.runtime.Runtime.lambda$execute$5(Runtime.java:110) ~[cucumber-core-6.8.2.jar:6.8.2]
	at io.cucumber.core.runtime.CucumberExecutionContext.runTestCase(CucumberExecutionContext.java:117) ~[cucumber-core-6.8.2.jar:6.8.2]
	at io.cucumber.core.runtime.Runtime.lambda$execute$6(Runtime.java:110) ~[cucumber-core-6.8.2.jar:6.8.2]
	at java.util.concurrent.Executors$RunnableAdapter.call(Executors.java:572) ~[?:?]
	at java.util.concurrent.FutureTask.run(FutureTask.java:317) ~[?:?]
	at io.cucumber.core.runtime.Runtime$SameThreadExecutorService.execute(Runtime.java:233) ~[cucumber-core-6.8.2.jar:6.8.2]
	at java.util.concurrent.AbstractExecutorService.submit(AbstractExecutorService.java:123) ~[?:?]
	at io.cucumber.core.runtime.Runtime.lambda$run$2(Runtime.java:86) ~[cucumber-core-6.8.2.jar:6.8.2]
	at java.util.stream.ReferencePipeline$3$1.accept(ReferencePipeline.java:197) [?:?]
	at java.util.stream.SliceOps$1$1.accept(SliceOps.java:200) [?:?]
	at java.util.ArrayList$ArrayListSpliterator.tryAdvance(ArrayList.java:1685) [?:?]
	at java.util.stream.ReferencePipeline.forEachWithCancel(ReferencePipeline.java:129) [?:?]
	at java.util.stream.AbstractPipeline.copyIntoWithCancel(AbstractPipeline.java:527) [?:?]
	at java.util.stream.AbstractPipeline.copyInto(AbstractPipeline.java:513) [?:?]
	at java.util.stream.AbstractPipeline.wrapAndCopyInto(AbstractPipeline.java:499) [?:?]
	at java.util.stream.ReduceOps$ReduceOp.evaluateSequential(ReduceOps.java:921) [?:?]
	at java.util.stream.AbstractPipeline.evaluate(AbstractPipeline.java:234) [?:?]
	at java.util.stream.ReferencePipeline.collect(ReferencePipeline.java:682) [?:?]
	at io.cucumber.core.runtime.Runtime.run(Runtime.java:87) [cucumber-core-6.8.2.jar:6.8.2]
	at io.cucumber.core.cli.Main.run(Main.java:92) [cucumber-core-6.8.2.jar:6.8.2]
	at io.cucumber.core.cli.Main.main(Main.java:34) [cucumber-core-6.8.2.jar:6.8.2]
